 !!!! -------- Info tris  -------- !!!!

 Il y a          146  triangles pour le proc           20

 Triangle 'numero' :            1  | triVertices :          420         688         776
 Triangle 'numero' :            2  | triVertices :          688        1516         896
 Triangle 'numero' :            3  | triVertices :          420        1516         688
 Triangle 'numero' :            4  | triVertices :         1120        1413         831
 Triangle 'numero' :            5  | triVertices :          529        1120         831
 Triangle 'numero' :            6  | triVertices :          380         674        1032
 Triangle 'numero' :            7  | triVertices :          357        1023         804
 Triangle 'numero' :            8  | triVertices :          537         804        1023
 Triangle 'numero' :            9  | triVertices :          380        1006         674
 Triangle 'numero' :           10  | triVertices :          221         725        1040
 Triangle 'numero' :           11  | triVertices :          407        1591         725
 Triangle 'numero' :           12  | triVertices :          304         770         305
 Triangle 'numero' :           13  | triVertices :          221        1215         725
 Triangle 'numero' :           14  | triVertices :          357         804        1036
 Triangle 'numero' :           15  | triVertices :          225        1051        1293
 Triangle 'numero' :           16  | triVertices :          306         929         307
 Triangle 'numero' :           17  | triVertices :          529        1036         804
 Triangle 'numero' :           18  | triVertices :          407         725        1467
 Triangle 'numero' :           19  | triVertices :          407         778        1591
 Triangle 'numero' :           20  | triVertices :          688        1523        1040
 Triangle 'numero' :           21  | triVertices :          688        1040        1556
 Triangle 'numero' :           22  | triVertices :          308        1156         751
 Triangle 'numero' :           23  | triVertices :          307         929        1156
 Triangle 'numero' :           24  | triVertices :          308         751        1069
 Triangle 'numero' :           25  | triVertices :          311        1090         746
 Triangle 'numero' :           26  | triVertices :          357         776        1094
 Triangle 'numero' :           27  | triVertices :          529         804        1115
 Triangle 'numero' :           28  | triVertices :          725        1591        1040
 Triangle 'numero' :           29  | triVertices :          305         770        1200
 Triangle 'numero' :           30  | triVertices :          422        1115         804
 Triangle 'numero' :           31  | triVertices :          776        1556        1094
 Triangle 'numero' :           32  | triVertices :          617        1293        1051
 Triangle 'numero' :           33  | triVertices :          674        1006         772
 Triangle 'numero' :           34  | triVertices :          537        1200         770
 Triangle 'numero' :           35  | triVertices :          307        1156         308
 Triangle 'numero' :           36  | triVertices :          223        1479         224
 Triangle 'numero' :           37  | triVertices :          223         896        1479
 Triangle 'numero' :           38  | triVertices :          338        1424        1451
 Triangle 'numero' :           39  | triVertices :          688        1556         776
 Triangle 'numero' :           40  | triVertices :          490        1040        1591
 Triangle 'numero' :           41  | triVertices :          510         929        1023
 Triangle 'numero' :           42  | triVertices :          308        1069         309
 Triangle 'numero' :           43  | triVertices :          380        1032        1262
 Triangle 'numero' :           44  | triVertices :          537        1023         929
 Triangle 'numero' :           45  | triVertices :          310        1090         311
 Triangle 'numero' :           46  | triVertices :            9         220        1192
 Triangle 'numero' :           47  | triVertices :          490        1556        1040
 Triangle 'numero' :           48  | triVertices :          515         772        1006
 Triangle 'numero' :           49  | triVertices :          222        1040        1523
 Triangle 'numero' :           50  | triVertices :          422         770        1443
 Triangle 'numero' :           51  | triVertices :          510        1366         751
 Triangle 'numero' :           52  | triVertices :          304         994         770
 Triangle 'numero' :           53  | triVertices :            9        1215         221
 Triangle 'numero' :           54  | triVertices :          510         751        1156
 Triangle 'numero' :           55  | triVertices :          515        1063         772
 Triangle 'numero' :           56  | triVertices :          529         831        1036
 Triangle 'numero' :           57  | triVertices :          357        1036         776
 Triangle 'numero' :           58  | triVertices :          572        1115         924
 Triangle 'numero' :           59  | triVertices :          422         924        1115
 Triangle 'numero' :           60  | triVertices :          422        1403         770
 Triangle 'numero' :           61  | triVertices :          537         770        1403
 Triangle 'numero' :           62  | triVertices :          225        1293         226
 Triangle 'numero' :           63  | triVertices :          420         776        1510
 Triangle 'numero' :           64  | triVertices :          224        1051         225
 Triangle 'numero' :           65  | triVertices :          617        1262        1032
 Triangle 'numero' :           66  | triVertices :          778        1366        1504
 Triangle 'numero' :           67  | triVertices :          490        1094        1556
 Triangle 'numero' :           68  | triVertices :          407        1366         778
 Triangle 'numero' :           69  | triVertices :          537        1403         804
 Triangle 'numero' :           70  | triVertices :          751        1366        1541
 Triangle 'numero' :           71  | triVertices :          510        1504        1366
 Triangle 'numero' :           72  | triVertices :          407        1541        1366
 Triangle 'numero' :           73  | triVertices :          357        1504        1023
 Triangle 'numero' :           74  | triVertices :          357        1094        1504
 Triangle 'numero' :           75  | triVertices :          420         831        1604
 Triangle 'numero' :           76  | triVertices :          490        1591        1094
 Triangle 'numero' :           77  | triVertices :          510        1156         929
 Triangle 'numero' :           78  | triVertices :          620        1604         831
 Triangle 'numero' :           79  | triVertices :          380        1029        1204
 Triangle 'numero' :           80  | triVertices :          221        1040         222
 Triangle 'numero' :           81  | triVertices :          338        1413        1120
 Triangle 'numero' :           82  | triVertices :          620        1204        1029
 Triangle 'numero' :           83  | triVertices :          515        1081        1451
 Triangle 'numero' :           84  | triVertices :          515        1451        1369
 Triangle 'numero' :           85  | triVertices :          778        1094        1591
 Triangle 'numero' :           86  | triVertices :          628        1428        1135
 Triangle 'numero' :           87  | triVertices :          422         804        1403
 Triangle 'numero' :           88  | triVertices :          515        1204        1081
 Triangle 'numero' :           89  | triVertices :          420        1510         831
 Triangle 'numero' :           90  | triVertices :          515        1006        1204
 Triangle 'numero' :           91  | triVertices :          223        1523         896
 Triangle 'numero' :           92  | triVertices :          770         994        1443
 Triangle 'numero' :           93  | triVertices :          620         831        1413
 Triangle 'numero' :           94  | triVertices :          688         896        1523
 Triangle 'numero' :           95  | triVertices :          305        1200         306
 Triangle 'numero' :           96  | triVertices :          617        1051        1262
 Triangle 'numero' :           97  | triVertices :          585        1262        1051
 Triangle 'numero' :           98  | triVertices :          306        1200         929
 Triangle 'numero' :           99  | triVertices :          585        1029        1262
 Triangle 'numero' :          100  | triVertices :          224        1479        1051
 Triangle 'numero' :          101  | triVertices :          580        1546        1090
 Triangle 'numero' :          102  | triVertices :          529        1115        1120
 Triangle 'numero' :          103  | triVertices :          380        1262        1029
 Triangle 'numero' :          104  | triVertices :          422        1443         924
 Triangle 'numero' :          105  | triVertices :          572        1120        1115
 Triangle 'numero' :          106  | triVertices :          537         929        1200
 Triangle 'numero' :          107  | triVertices :          580        1428        1546
 Triangle 'numero' :          108  | triVertices :          585        1516        1029
 Triangle 'numero' :          109  | triVertices :         1029        1516        1604
 Triangle 'numero' :          110  | triVertices :          831        1510        1036
 Triangle 'numero' :          111  | triVertices :          585        1479         896
 Triangle 'numero' :          112  | triVertices :          585         896        1516
 Triangle 'numero' :          113  | triVertices :          309        1476         310
 Triangle 'numero' :          114  | triVertices :          620        1081        1204
 Triangle 'numero' :          115  | triVertices :          380        1204        1006
 Triangle 'numero' :          116  | triVertices :          751        1541        1069
 Triangle 'numero' :          117  | triVertices :          620        1413        1081
 Triangle 'numero' :          118  | triVertices :          222        1523         223
 Triangle 'numero' :          119  | triVertices :          338        1081        1413
 Triangle 'numero' :          120  | triVertices :            9        1192        1215
 Triangle 'numero' :          121  | triVertices :          628        1215        1192
 Triangle 'numero' :          122  | triVertices :          617        1032        1538
 Triangle 'numero' :          123  | triVertices :          580        1476        1069
 Triangle 'numero' :          124  | triVertices :          580        1069        1541
 Triangle 'numero' :          125  | triVertices :          580        1090        1476
 Triangle 'numero' :          126  | triVertices :          515        1369        1063
 Triangle 'numero' :          127  | triVertices :          628        1135        1467
 Triangle 'numero' :          128  | triVertices :          309        1069        1476
 Triangle 'numero' :          129  | triVertices :          407        1467        1135
 Triangle 'numero' :          130  | triVertices :          585        1051        1479
 Triangle 'numero' :          131  | triVertices :          510        1023        1504
 Triangle 'numero' :          132  | triVertices :          776        1036        1510
 Triangle 'numero' :          133  | triVertices :          310        1476        1090
 Triangle 'numero' :          134  | triVertices :          572        1424        1120
 Triangle 'numero' :          135  | triVertices :          725        1215        1467
 Triangle 'numero' :          136  | triVertices :          420        1604        1516
 Triangle 'numero' :          137  | triVertices :          628        1467        1215
 Triangle 'numero' :          138  | triVertices :          338        1451        1081
 Triangle 'numero' :          139  | triVertices :          580        1541        1135
 Triangle 'numero' :          140  | triVertices :          338        1120        1424
 Triangle 'numero' :          141  | triVertices :          620        1029        1604
 Triangle 'numero' :          142  | triVertices :          778        1504        1094
 Triangle 'numero' :          143  | triVertices :          746        1090        1546
 Triangle 'numero' :          144  | triVertices :          580        1135        1428
 Triangle 'numero' :          145  | triVertices :          407        1135        1541
 Triangle 'numero' :          146  | triVertices :          617        1538        1293
