 !!!! -------- Info tris  -------- !!!!

 Il y a          146  triangles pour le proc            4

 Triangle 'numero' :            1  | triVertices :          344         699        1488
 Triangle 'numero' :            2  | triVertices :          344        1488         713
 Triangle 'numero' :            3  | triVertices :          364         966         835
 Triangle 'numero' :            4  | triVertices :          554         835         966
 Triangle 'numero' :            5  | triVertices :           16        1356         697
 Triangle 'numero' :            6  | triVertices :          294         638        1356
 Triangle 'numero' :            7  | triVertices :          455         676         943
 Triangle 'numero' :            8  | triVertices :          344         846         701
 Triangle 'numero' :            9  | triVertices :           86         676         936
 Triangle 'numero' :           10  | triVertices :           84         709        1025
 Triangle 'numero' :           11  | triVertices :          455         709        1270
 Triangle 'numero' :           12  | triVertices :          297        1530         684
 Triangle 'numero' :           13  | triVertices :          344         701         811
 Triangle 'numero' :           14  | triVertices :           87          88         744
 Triangle 'numero' :           15  | triVertices :           16         295        1356
 Triangle 'numero' :           16  | triVertices :           16         697         977
 Triangle 'numero' :           17  | triVertices :          471         977         697
 Triangle 'numero' :           18  | triVertices :          455         936         676
 Triangle 'numero' :           19  | triVertices :           76          77         758
 Triangle 'numero' :           20  | triVertices :          399         993         699
 Triangle 'numero' :           21  | triVertices :           86        1423         676
 Triangle 'numero' :           22  | triVertices :          554         758         835
 Triangle 'numero' :           23  | triVertices :          429         835         758
 Triangle 'numero' :           24  | triVertices :          297         684        1133
 Triangle 'numero' :           25  | triVertices :          684         993        1085
 Triangle 'numero' :           26  | triVertices :         1085         993         399
 Triangle 'numero' :           27  | triVertices :          455        1270         936
 Triangle 'numero' :           28  | triVertices :           77         877         758
 Triangle 'numero' :           29  | triVertices :           79          80         795
 Triangle 'numero' :           30  | triVertices :          296        1530         297
 Triangle 'numero' :           31  | triVertices :           76         758        1332
 Triangle 'numero' :           32  | triVertices :          676        1406         943
 Triangle 'numero' :           33  | triVertices :          412         874         729
 Triangle 'numero' :           34  | triVertices :          297         926         298
 Triangle 'numero' :           35  | triVertices :          344         713        1344
 Triangle 'numero' :           36  | triVertices :           79         795        1334
 Triangle 'numero' :           37  | triVertices :          399         699         943
 Triangle 'numero' :           38  | triVertices :           88        1067         744
 Triangle 'numero' :           39  | triVertices :          429         758         877
 Triangle 'numero' :           40  | triVertices :          471         993         977
 Triangle 'numero' :           41  | triVertices :          977         993        1530
 Triangle 'numero' :           42  | triVertices :           83          84        1025
 Triangle 'numero' :           43  | triVertices :          364         835        1181
 Triangle 'numero' :           44  | triVertices :          344        1290         699
 Triangle 'numero' :           45  | triVertices :          471         697        1109
 Triangle 'numero' :           46  | triVertices :          414         795        1584
 Triangle 'numero' :           47  | triVertices :          544        1352         729
 Triangle 'numero' :           48  | triVertices :          455        1152         709
 Triangle 'numero' :           49  | triVertices :          412         729        1352
 Triangle 'numero' :           50  | triVertices :          701         846        1267
 Triangle 'numero' :           51  | triVertices :          414        1388         795
 Triangle 'numero' :           52  | triVertices :          297        1133         926
 Triangle 'numero' :           53  | triVertices :          414        1584         709
 Triangle 'numero' :           54  | triVertices :          399         943        1406
 Triangle 'numero' :           55  | triVertices :          414         709        1152
 Triangle 'numero' :           56  | triVertices :          364        1181        1342
 Triangle 'numero' :           57  | triVertices :          554         966         868
 Triangle 'numero' :           58  | triVertices :          554        1332         758
 Triangle 'numero' :           59  | triVertices :           84        1270         709
 Triangle 'numero' :           60  | triVertices :          544         729        1342
 Triangle 'numero' :           61  | triVertices :          699         993        1488
 Triangle 'numero' :           62  | triVertices :          612         926         830
 Triangle 'numero' :           63  | triVertices :          484        1085         744
 Triangle 'numero' :           64  | triVertices :          638         874        1469
 Triangle 'numero' :           65  | triVertices :          571        1334         795
 Triangle 'numero' :           66  | triVertices :           77          78         877
 Triangle 'numero' :           67  | triVertices :          484         744        1067
 Triangle 'numero' :           68  | triVertices :          294        1356         295
 Triangle 'numero' :           69  | triVertices :          429        1267         846
 Triangle 'numero' :           70  | triVertices :          651        1584         795
 Triangle 'numero' :           71  | triVertices :          471        1488         993
 Triangle 'numero' :           72  | triVertices :           85          86         936
 Triangle 'numero' :           73  | triVertices :          571         795        1388
 Triangle 'numero' :           74  | triVertices :          429         877        1267
 Triangle 'numero' :           75  | triVertices :          412        1469         874
 Triangle 'numero' :           76  | triVertices :           87         744        1423
 Triangle 'numero' :           77  | triVertices :          364         781         966
 Triangle 'numero' :           78  | triVertices :          455        1290         811
 Triangle 'numero' :           79  | triVertices :          612        1518         926
 Triangle 'numero' :           80  | triVertices :          484         830         926
 Triangle 'numero' :           81  | triVertices :          571        1267         877
 Triangle 'numero' :           82  | triVertices :          484        1133        1085
 Triangle 'numero' :           83  | triVertices :          429        1181         835
 Triangle 'numero' :           84  | triVertices :          455         811        1152
 Triangle 'numero' :           85  | triVertices :          429         846        1181
 Triangle 'numero' :           86  | triVertices :           89         830        1067
 Triangle 'numero' :           87  | triVertices :          364        1292         781
 Triangle 'numero' :           88  | triVertices :          455         943        1290
 Triangle 'numero' :           89  | triVertices :          684        1085        1133
 Triangle 'numero' :           90  | triVertices :          344         811        1290
 Triangle 'numero' :           91  | triVertices :          412        1352        1109
 Triangle 'numero' :           92  | triVertices :          651         795        1439
 Triangle 'numero' :           93  | triVertices :           80        1439         795
 Triangle 'numero' :           94  | triVertices :          713        1109        1352
 Triangle 'numero' :           95  | triVertices :          744        1085        1406
 Triangle 'numero' :           96  | triVertices :           88          89        1067
 Triangle 'numero' :           97  | triVertices :          484        1067         830
 Triangle 'numero' :           98  | triVertices :           16         977         296
 Triangle 'numero' :           99  | triVertices :          554         868        1332
 Triangle 'numero' :          100  | triVertices :            2        1338          81
 Triangle 'numero' :          101  | triVertices :            2          82        1338
 Triangle 'numero' :          102  | triVertices :          709        1584        1025
 Triangle 'numero' :          103  | triVertices :          298         926        1518
 Triangle 'numero' :          104  | triVertices :           86          87        1423
 Triangle 'numero' :          105  | triVertices :          544         846        1344
 Triangle 'numero' :          106  | triVertices :          344        1344         846
 Triangle 'numero' :          107  | triVertices :          701        1563         811
 Triangle 'numero' :          108  | triVertices :          571         877        1334
 Triangle 'numero' :          109  | triVertices :          544        1181         846
 Triangle 'numero' :          110  | triVertices :           78        1334         877
 Triangle 'numero' :          111  | triVertices :          484         926        1133
 Triangle 'numero' :          112  | triVertices :          412        1109        1469
 Triangle 'numero' :          113  | triVertices :          684        1530         993
 Triangle 'numero' :          114  | triVertices :          697        1469        1109
 Triangle 'numero' :          115  | triVertices :           84          85        1270
 Triangle 'numero' :          116  | triVertices :          471        1109        1488
 Triangle 'numero' :          117  | triVertices :          713        1488        1109
 Triangle 'numero' :          118  | triVertices :           78          79        1334
 Triangle 'numero' :          119  | triVertices :           85         936        1270
 Triangle 'numero' :          120  | triVertices :          699        1290         943
 Triangle 'numero' :          121  | triVertices :           82          83        1481
 Triangle 'numero' :          122  | triVertices :           80          81        1439
 Triangle 'numero' :          123  | triVertices :          399        1406        1085
 Triangle 'numero' :          124  | triVertices :          364        1342        1292
 Triangle 'numero' :          125  | triVertices :          729        1292        1342
 Triangle 'numero' :          126  | triVertices :          744        1406        1423
 Triangle 'numero' :          127  | triVertices :          676        1423        1406
 Triangle 'numero' :          128  | triVertices :          701        1267        1388
 Triangle 'numero' :          129  | triVertices :          571        1388        1267
 Triangle 'numero' :          130  | triVertices :          544        1342        1181
 Triangle 'numero' :          131  | triVertices :          544        1344        1352
 Triangle 'numero' :          132  | triVertices :          713        1352        1344
 Triangle 'numero' :          133  | triVertices :          296         977        1530
 Triangle 'numero' :          134  | triVertices :           83        1025        1481
 Triangle 'numero' :          135  | triVertices :          651        1481        1025
 Triangle 'numero' :          136  | triVertices :          697        1356        1469
 Triangle 'numero' :          137  | triVertices :          651        1025        1584
 Triangle 'numero' :          138  | triVertices :          638        1469        1356
 Triangle 'numero' :          139  | triVertices :          811        1563        1152
 Triangle 'numero' :          140  | triVertices :          651        1439        1338
 Triangle 'numero' :          141  | triVertices :           81        1338        1439
 Triangle 'numero' :          142  | triVertices :          414        1152        1563
 Triangle 'numero' :          143  | triVertices :          701        1388        1563
 Triangle 'numero' :          144  | triVertices :          414        1563        1388
 Triangle 'numero' :          145  | triVertices :          651        1338        1481
 Triangle 'numero' :          146  | triVertices :           82        1481        1338
