 !!!! -------- Info tris  -------- !!!!

 Il y a           48  triangles pour le proc            1

 Triangle 'numero' :            1  | triVertices :           47          49          50
 Triangle 'numero' :            2  | triVertices :           47          50          25
 Triangle 'numero' :            3  | triVertices :           25          50          24
 Triangle 'numero' :            4  | triVertices :           49          51          52
 Triangle 'numero' :            5  | triVertices :           49          52          50
 Triangle 'numero' :            6  | triVertices :           50          52          53
 Triangle 'numero' :            7  | triVertices :           50          53          24
 Triangle 'numero' :            8  | triVertices :           24          53          23
 Triangle 'numero' :            9  | triVertices :           11          12          51
 Triangle 'numero' :           10  | triVertices :           51          12          54
 Triangle 'numero' :           11  | triVertices :           51          54          52
 Triangle 'numero' :           12  | triVertices :           52          54          55
 Triangle 'numero' :           13  | triVertices :           52          55          53
 Triangle 'numero' :           14  | triVertices :           53          55          56
 Triangle 'numero' :           15  | triVertices :           53          56          23
 Triangle 'numero' :           16  | triVertices :           23          56          22
 Triangle 'numero' :           17  | triVertices :           12          13          54
 Triangle 'numero' :           18  | triVertices :           54          13          57
 Triangle 'numero' :           19  | triVertices :           54          57          55
 Triangle 'numero' :           20  | triVertices :           55          57          58
 Triangle 'numero' :           21  | triVertices :           55          58          56
 Triangle 'numero' :           22  | triVertices :           56          58          59
 Triangle 'numero' :           23  | triVertices :           56          59          22
 Triangle 'numero' :           24  | triVertices :           22          59          21
 Triangle 'numero' :           25  | triVertices :           13          14          57
 Triangle 'numero' :           26  | triVertices :           57          14          60
 Triangle 'numero' :           27  | triVertices :           57          60          58
 Triangle 'numero' :           28  | triVertices :           58          60          61
 Triangle 'numero' :           29  | triVertices :           58          61          59
 Triangle 'numero' :           30  | triVertices :           59          61          62
 Triangle 'numero' :           31  | triVertices :           59          62          21
 Triangle 'numero' :           32  | triVertices :           21          62          20
 Triangle 'numero' :           33  | triVertices :           14          15          60
 Triangle 'numero' :           34  | triVertices :           60          15          63
 Triangle 'numero' :           35  | triVertices :           60          63          61
 Triangle 'numero' :           36  | triVertices :           61          63          64
 Triangle 'numero' :           37  | triVertices :           61          64          62
 Triangle 'numero' :           38  | triVertices :           62          64          65
 Triangle 'numero' :           39  | triVertices :           62          65          20
 Triangle 'numero' :           40  | triVertices :           20          65          19
 Triangle 'numero' :           41  | triVertices :           15           2          63
 Triangle 'numero' :           42  | triVertices :           63           2          16
 Triangle 'numero' :           43  | triVertices :           63          16          64
 Triangle 'numero' :           44  | triVertices :           64          16          17
 Triangle 'numero' :           45  | triVertices :           64          17          65
 Triangle 'numero' :           46  | triVertices :           65          17          18
 Triangle 'numero' :           47  | triVertices :           65          18          19
 Triangle 'numero' :           48  | triVertices :           19          18           3
