 !!!! -------- Info tris  -------- !!!!

 Il y a          145  triangles pour le proc            6

 Triangle 'numero' :            1  | triVertices :          438         637         873
 Triangle 'numero' :            2  | triVertices :          438        1048         637
 Triangle 'numero' :            3  | triVertices :          343        1487         698
 Triangle 'numero' :            4  | triVertices :          343         712        1487
 Triangle 'numero' :            5  | triVertices :           17         696        1355
 Triangle 'numero' :            6  | triVertices :          262        1355         637
 Triangle 'numero' :            7  | triVertices :          454         942         677
 Triangle 'numero' :            8  | triVertices :          262         637        1048
 Triangle 'numero' :            9  | triVertices :          343         700         845
 Triangle 'numero' :           10  | triVertices :           96         937         677
 Triangle 'numero' :           11  | triVertices :           98        1024         708
 Triangle 'numero' :           12  | triVertices :          454        1269         708
 Triangle 'numero' :           13  | triVertices :          301         685        1529
 Triangle 'numero' :           14  | triVertices :          343         810         700
 Triangle 'numero' :           15  | triVertices :           94          95         745
 Triangle 'numero' :           16  | triVertices :           17        1355         261
 Triangle 'numero' :           17  | triVertices :           90        1110        1532
 Triangle 'numero' :           18  | triVertices :           92        1531        1110
 Triangle 'numero' :           19  | triVertices :           17         976         696
 Triangle 'numero' :           20  | triVertices :           91        1110          90
 Triangle 'numero' :           21  | triVertices :           91          92        1110
 Triangle 'numero' :           22  | triVertices :          470         696         976
 Triangle 'numero' :           23  | triVertices :          454         677         937
 Triangle 'numero' :           24  | triVertices :          400         698         992
 Triangle 'numero' :           25  | triVertices :           96         677        1422
 Triangle 'numero' :           26  | triVertices :          301        1134         685
 Triangle 'numero' :           27  | triVertices :          685        1086         992
 Triangle 'numero' :           28  | triVertices :         1086         400         992
 Triangle 'numero' :           29  | triVertices :          454         937        1269
 Triangle 'numero' :           30  | triVertices :          102         103         794
 Triangle 'numero' :           31  | triVertices :          301        1529         302
 Triangle 'numero' :           32  | triVertices :          677         942        1407
 Triangle 'numero' :           33  | triVertices :          411         728         873
 Triangle 'numero' :           34  | triVertices :          300         927         301
 Triangle 'numero' :           35  | triVertices :          343        1343         712
 Triangle 'numero' :           36  | triVertices :          103        1333         794
 Triangle 'numero' :           37  | triVertices :          400         942         698
 Triangle 'numero' :           38  | triVertices :           94         745        1068
 Triangle 'numero' :           39  | triVertices :          470         976         992
 Triangle 'numero' :           40  | triVertices :          976        1529         992
 Triangle 'numero' :           41  | triVertices :           98          99        1024
 Triangle 'numero' :           42  | triVertices :          343         698        1289
 Triangle 'numero' :           43  | triVertices :          470        1108         696
 Triangle 'numero' :           44  | triVertices :          413        1583         794
 Triangle 'numero' :           45  | triVertices :          543         728        1351
 Triangle 'numero' :           46  | triVertices :          454         708        1153
 Triangle 'numero' :           47  | triVertices :          411        1351         728
 Triangle 'numero' :           48  | triVertices :          700        1266         845
 Triangle 'numero' :           49  | triVertices :          413         794        1387
 Triangle 'numero' :           50  | triVertices :          301         927        1134
 Triangle 'numero' :           51  | triVertices :          413         708        1583
 Triangle 'numero' :           52  | triVertices :          400        1407         942
 Triangle 'numero' :           53  | triVertices :          413        1153         708
 Triangle 'numero' :           54  | triVertices :           98         708        1269
 Triangle 'numero' :           55  | triVertices :          698        1487         992
 Triangle 'numero' :           56  | triVertices :          613         829         927
 Triangle 'numero' :           57  | triVertices :          485         745        1086
 Triangle 'numero' :           58  | triVertices :          637        1468         873
 Triangle 'numero' :           59  | triVertices :          570         794        1333
 Triangle 'numero' :           60  | triVertices :          104         105         878
 Triangle 'numero' :           61  | triVertices :          485        1068         745
 Triangle 'numero' :           62  | triVertices :          261        1355         262
 Triangle 'numero' :           63  | triVertices :          650         794        1583
 Triangle 'numero' :           64  | triVertices :          470         992        1487
 Triangle 'numero' :           65  | triVertices :           96          97         937
 Triangle 'numero' :           66  | triVertices :          570        1387         794
 Triangle 'numero' :           67  | triVertices :          411         873        1468
 Triangle 'numero' :           68  | triVertices :           95        1422         745
 Triangle 'numero' :           69  | triVertices :          454         810        1289
 Triangle 'numero' :           70  | triVertices :           89        1532         830
 Triangle 'numero' :           71  | triVertices :           93         829        1531
 Triangle 'numero' :           72  | triVertices :          613         927        1519
 Triangle 'numero' :           73  | triVertices :          485         927         829
 Triangle 'numero' :           74  | triVertices :          570         878        1266
 Triangle 'numero' :           75  | triVertices :           89          90        1532
 Triangle 'numero' :           76  | triVertices :           92          93        1531
 Triangle 'numero' :           77  | triVertices :          485        1086        1134
 Triangle 'numero' :           78  | triVertices :          454        1153         810
 Triangle 'numero' :           79  | triVertices :           93        1068         829
 Triangle 'numero' :           80  | triVertices :          454        1289         942
 Triangle 'numero' :           81  | triVertices :          685        1134        1086
 Triangle 'numero' :           82  | triVertices :          343        1289         810
 Triangle 'numero' :           83  | triVertices :          411        1108        1351
 Triangle 'numero' :           84  | triVertices :          650        1438         794
 Triangle 'numero' :           85  | triVertices :          102         794        1438
 Triangle 'numero' :           86  | triVertices :          712        1351        1108
 Triangle 'numero' :           87  | triVertices :          745        1407        1086
 Triangle 'numero' :           88  | triVertices :           93          94        1068
 Triangle 'numero' :           89  | triVertices :          485         829        1068
 Triangle 'numero' :           90  | triVertices :           17         302         976
 Triangle 'numero' :           91  | triVertices :          613        1110        1531
 Triangle 'numero' :           92  | triVertices :          612        1532        1110
 Triangle 'numero' :           93  | triVertices :            3        1337         100
 Triangle 'numero' :           94  | triVertices :            3         101        1337
 Triangle 'numero' :           95  | triVertices :          708        1024        1583
 Triangle 'numero' :           96  | triVertices :          300        1519         927
 Triangle 'numero' :           97  | triVertices :           95          96        1422
 Triangle 'numero' :           98  | triVertices :          543        1343         845
 Triangle 'numero' :           99  | triVertices :          343         845        1343
 Triangle 'numero' :          100  | triVertices :          700         810        1562
 Triangle 'numero' :          101  | triVertices :          570        1333         878
 Triangle 'numero' :          102  | triVertices :          104         878        1333
 Triangle 'numero' :          103  | triVertices :          485        1134         927
 Triangle 'numero' :          104  | triVertices :          613        1531         829
 Triangle 'numero' :          105  | triVertices :          612         830        1532
 Triangle 'numero' :          106  | triVertices :          411        1468        1108
 Triangle 'numero' :          107  | triVertices :          685         992        1529
 Triangle 'numero' :          108  | triVertices :          696        1108        1468
 Triangle 'numero' :          109  | triVertices :           97          98        1269
 Triangle 'numero' :          110  | triVertices :          470        1487        1108
 Triangle 'numero' :          111  | triVertices :          712        1108        1487
 Triangle 'numero' :          112  | triVertices :          103         104        1333
 Triangle 'numero' :          113  | triVertices :           97        1269         937
 Triangle 'numero' :          114  | triVertices :          698         942        1289
 Triangle 'numero' :          115  | triVertices :           99         100        1482
 Triangle 'numero' :          116  | triVertices :          101         102        1438
 Triangle 'numero' :          117  | triVertices :          299        1519         300
 Triangle 'numero' :          118  | triVertices :          298        1518         299
 Triangle 'numero' :          119  | triVertices :          400        1086        1407
 Triangle 'numero' :          120  | triVertices :          745        1422        1407
 Triangle 'numero' :          121  | triVertices :          677        1407        1422
 Triangle 'numero' :          122  | triVertices :          700        1387        1266
 Triangle 'numero' :          123  | triVertices :          570        1266        1387
 Triangle 'numero' :          124  | triVertices :          543        1351        1343
 Triangle 'numero' :          125  | triVertices :          712        1343        1351
 Triangle 'numero' :          126  | triVertices :          612        1110        1236
 Triangle 'numero' :          127  | triVertices :          613        1236        1110
 Triangle 'numero' :          128  | triVertices :          302        1529         976
 Triangle 'numero' :          129  | triVertices :           99        1482        1024
 Triangle 'numero' :          130  | triVertices :          650        1024        1482
 Triangle 'numero' :          131  | triVertices :          696        1468        1355
 Triangle 'numero' :          132  | triVertices :          650        1583        1024
 Triangle 'numero' :          133  | triVertices :          637        1355        1468
 Triangle 'numero' :          134  | triVertices :          810        1153        1562
 Triangle 'numero' :          135  | triVertices :          299        1518        1236
 Triangle 'numero' :          136  | triVertices :          299        1236        1519
 Triangle 'numero' :          137  | triVertices :          650        1337        1438
 Triangle 'numero' :          138  | triVertices :          101        1438        1337
 Triangle 'numero' :          139  | triVertices :          413        1562        1153
 Triangle 'numero' :          140  | triVertices :          612        1236        1518
 Triangle 'numero' :          141  | triVertices :          613        1519        1236
 Triangle 'numero' :          142  | triVertices :          700        1562        1387
 Triangle 'numero' :          143  | triVertices :          413        1387        1562
 Triangle 'numero' :          144  | triVertices :          650        1482        1337
 Triangle 'numero' :          145  | triVertices :          100        1337        1482
