 !!!! -------- Info tris  -------- !!!!

 Il y a          145  triangles pour le proc            3

 Triangle 'numero' :            1  | triVertices :          468        1376         652
 Triangle 'numero' :            2  | triVertices :          481         959         540
 Triangle 'numero' :            3  | triVertices :          439         874         638
 Triangle 'numero' :            4  | triVertices :          459         781         644
 Triangle 'numero' :            5  | triVertices :          439         638        1049
 Triangle 'numero' :            6  | triVertices :          334        1098        1185
 Triangle 'numero' :            7  | triVertices :          334        1185         803
 Triangle 'numero' :            8  | triVertices :          540         959        1217
 Triangle 'numero' :            9  | triVertices :          540        1217         844
 Triangle 'numero' :           10  | triVertices :          931         365        1003
 Triangle 'numero' :           11  | triVertices :          681         931        1003
 Triangle 'numero' :           12  | triVertices :         1376         289         652
 Triangle 'numero' :           13  | triVertices :          294        1049         638
 Triangle 'numero' :           14  | triVertices :          540         844        1379
 Triangle 'numero' :           15  | triVertices :          481         541         959
 Triangle 'numero' :           16  | triVertices :          256         799         257
 Triangle 'numero' :           17  | triVertices :          459         644        1104
 Triangle 'numero' :           18  | triVertices :          365         931         801
 Triangle 'numero' :           19  | triVertices :          292        1180         809
 Triangle 'numero' :           20  | triVertices :          669        1169        1379
 Triangle 'numero' :           21  | triVertices :          405         669        1405
 Triangle 'numero' :           22  | triVertices :          292         809         293
 Triangle 'numero' :           23  | triVertices :          334         681        1274
 Triangle 'numero' :           24  | triVertices :          540        1379        1169
 Triangle 'numero' :           25  | triVertices :          468         888         541
 Triangle 'numero' :           26  | triVertices :          406         909         740
 Triangle 'numero' :           27  | triVertices :          611        1405         669
 Triangle 'numero' :           28  | triVertices :          541        1330         959
 Triangle 'numero' :           29  | triVertices :          405        1169         669
 Triangle 'numero' :           30  | triVertices :          439        1049         809
 Triangle 'numero' :           31  | triVertices :          524         801         931
 Triangle 'numero' :           32  | triVertices :          481         540        1169
 Triangle 'numero' :           33  | triVertices :          577         909        1400
 Triangle 'numero' :           34  | triVertices :          334        1274         691
 Triangle 'numero' :           35  | triVertices :          524         931         803
 Triangle 'numero' :           36  | triVertices :          252         844        1217
 Triangle 'numero' :           37  | triVertices :          406        1400         909
 Triangle 'numero' :           38  | triVertices :          459         868         966
 Triangle 'numero' :           39  | triVertices :          257         799         880
 Triangle 'numero' :           40  | triVertices :          524         809        1180
 Triangle 'numero' :           41  | triVertices :          334        1398         681
 Triangle 'numero' :           42  | triVertices :          481        1616         541
 Triangle 'numero' :           43  | triVertices :          256        1410         799
 Triangle 'numero' :           44  | triVertices :          611         669        1368
 Triangle 'numero' :           45  | triVertices :          468         652         888
 Triangle 'numero' :           46  | triVertices :          644         781        1098
 Triangle 'numero' :           47  | triVertices :          528        1098         781
 Triangle 'numero' :           48  | triVertices :          439        1185         874
 Triangle 'numero' :           49  | triVertices :          254         888         255
 Triangle 'numero' :           50  | triVertices :          251         844         252
 Triangle 'numero' :           51  | triVertices :          459         740        1149
 Triangle 'numero' :           52  | triVertices :          541         888        1330
 Triangle 'numero' :           53  | triVertices :          459        1104         740
 Triangle 'numero' :           54  | triVertices :          254        1330         888
 Triangle 'numero' :           55  | triVertices :          253        1217         959
 Triangle 'numero' :           56  | triVertices :           74          75         868
 Triangle 'numero' :           57  | triVertices :          874        1185        1561
 Triangle 'numero' :           58  | triVertices :          468         541        1304
 Triangle 'numero' :           59  | triVertices :          406         740        1104
 Triangle 'numero' :           60  | triVertices :          803         931        1398
 Triangle 'numero' :           61  | triVertices :          354         854        1102
 Triangle 'numero' :           62  | triVertices :           73        1149        1571
 Triangle 'numero' :           63  | triVertices :           14         959        1330
 Triangle 'numero' :           64  | triVertices :          255         888        1410
 Triangle 'numero' :           65  | triVertices :          459         966         781
 Triangle 'numero' :           66  | triVertices :          528        1185        1098
 Triangle 'numero' :           67  | triVertices :          288         652         289
 Triangle 'numero' :           68  | triVertices :          334         691        1466
 Triangle 'numero' :           69  | triVertices :          365         801         997
 Triangle 'numero' :           70  | triVertices :          740        1571        1149
 Triangle 'numero' :           71  | triVertices :          481        1003        1616
 Triangle 'numero' :           72  | triVertices :          293         809        1049
 Triangle 'numero' :           73  | triVertices :          652        1410         888
 Triangle 'numero' :           74  | triVertices :          528         781        1292
 Triangle 'numero' :           75  | triVertices :           14         253         959
 Triangle 'numero' :           76  | triVertices :          459        1149         868
 Triangle 'numero' :           77  | triVertices :           73          74        1149
 Triangle 'numero' :           78  | triVertices :          681        1318        1274
 Triangle 'numero' :           79  | triVertices :          577        1102         854
 Triangle 'numero' :           80  | triVertices :          287         799         288
 Triangle 'numero' :           81  | triVertices :          293        1049         294
 Triangle 'numero' :           82  | triVertices :           74         868        1149
 Triangle 'numero' :           83  | triVertices :          291         801        1180
 Triangle 'numero' :           84  | triVertices :          652         799        1410
 Triangle 'numero' :           85  | triVertices :          334         803        1398
 Triangle 'numero' :           86  | triVertices :           75        1332         868
 Triangle 'numero' :           87  | triVertices :          524        1180         801
 Triangle 'numero' :           88  | triVertices :          524        1381         809
 Triangle 'numero' :           89  | triVertices :          524         803        1381
 Triangle 'numero' :           90  | triVertices :          405        1274        1318
 Triangle 'numero' :           91  | triVertices :          439         803        1185
 Triangle 'numero' :           92  | triVertices :          288         799         652
 Triangle 'numero' :           93  | triVertices :          287         880         799
 Triangle 'numero' :           94  | triVertices :          439         809        1381
 Triangle 'numero' :           95  | triVertices :          439        1381         803
 Triangle 'numero' :           96  | triVertices :          681        1003        1318
 Triangle 'numero' :           97  | triVertices :          291        1180         292
 Triangle 'numero' :           98  | triVertices :          291        1573         801
 Triangle 'numero' :           99  | triVertices :          729         874        1561
 Triangle 'numero' :          100  | triVertices :          289        1376         290
 Triangle 'numero' :          101  | triVertices :          252        1217         253
 Triangle 'numero' :          102  | triVertices :          481        1318        1003
 Triangle 'numero' :          103  | triVertices :           72          73        1571
 Triangle 'numero' :          104  | triVertices :           75          76        1332
 Triangle 'numero' :          105  | triVertices :           14        1330         254
 Triangle 'numero' :          106  | triVertices :          290        1573         291
 Triangle 'numero' :          107  | triVertices :           72        1571         909
 Triangle 'numero' :          108  | triVertices :          255        1410         256
 Triangle 'numero' :          109  | triVertices :          406        1104        1358
 Triangle 'numero' :          110  | triVertices :          468        1304         997
 Triangle 'numero' :          111  | triVertices :          740         909        1571
 Triangle 'numero' :          112  | triVertices :          644        1358        1104
 Triangle 'numero' :          113  | triVertices :          681        1398         931
 Triangle 'numero' :          114  | triVertices :          365         997        1304
 Triangle 'numero' :          115  | triVertices :          468         997        1376
 Triangle 'numero' :          116  | triVertices :          528        1561        1185
 Triangle 'numero' :          117  | triVertices :          405        1405        1274
 Triangle 'numero' :          118  | triVertices :          577        1400        1102
 Triangle 'numero' :          119  | triVertices :          669        1379        1198
 Triangle 'numero' :          120  | triVertices :          334        1466        1098
 Triangle 'numero' :          121  | triVertices :          354        1102        1368
 Triangle 'numero' :          122  | triVertices :          669        1198        1368
 Triangle 'numero' :          123  | triVertices :          644        1098        1466
 Triangle 'numero' :          124  | triVertices :          354        1368        1198
 Triangle 'numero' :          125  | triVertices :          528        1292        1561
 Triangle 'numero' :          126  | triVertices :          611        1102        1400
 Triangle 'numero' :          127  | triVertices :          729        1561        1292
 Triangle 'numero' :          128  | triVertices :          611        1368        1102
 Triangle 'numero' :          129  | triVertices :          481        1169        1318
 Triangle 'numero' :          130  | triVertices :          365        1616        1003
 Triangle 'numero' :          131  | triVertices :          691        1274        1405
 Triangle 'numero' :          132  | triVertices :          611        1400        1543
 Triangle 'numero' :          133  | triVertices :          405        1318        1169
 Triangle 'numero' :          134  | triVertices :          406        1543        1400
 Triangle 'numero' :          135  | triVertices :          801        1573         997
 Triangle 'numero' :          136  | triVertices :          997        1573        1376
 Triangle 'numero' :          137  | triVertices :          611        1543        1405
 Triangle 'numero' :          138  | triVertices :          691        1358        1466
 Triangle 'numero' :          139  | triVertices :          406        1358        1543
 Triangle 'numero' :          140  | triVertices :          541        1616        1304
 Triangle 'numero' :          141  | triVertices :          365        1304        1616
 Triangle 'numero' :          142  | triVertices :          290        1376        1573
 Triangle 'numero' :          143  | triVertices :          691        1405        1543
 Triangle 'numero' :          144  | triVertices :          644        1466        1358
 Triangle 'numero' :          145  | triVertices :          691        1543        1358
