 !!!! -------- Info tris  -------- !!!!

 Il y a           96  triangles au total

 Triangle numero :           33  | refPartTri :            2           0
 Triangle numero :           34  | refPartTri :            2           0
 Triangle numero :           35  | refPartTri :            2           0
 Triangle numero :           36  | refPartTri :            2           0
 Triangle numero :           37  | refPartTri :            2           0
 Triangle numero :           38  | refPartTri :            2           0
 Triangle numero :           39  | refPartTri :            2           0
 Triangle numero :           40  | refPartTri :            2           0
 Triangle numero :           41  | refPartTri :            2           0
 Triangle numero :           42  | refPartTri :            2           0
 Triangle numero :           43  | refPartTri :            2           0
 Triangle numero :           44  | refPartTri :            2           0
 Triangle numero :           45  | refPartTri :            2           0
 Triangle numero :           46  | refPartTri :            2           0
 Triangle numero :           47  | refPartTri :            2           0
 Triangle numero :           48  | refPartTri :            2           0
 Triangle numero :           49  | refPartTri :            2           0
 Triangle numero :           50  | refPartTri :            2           0
 Triangle numero :           51  | refPartTri :            2           0
 Triangle numero :           52  | refPartTri :            2           0
 Triangle numero :           53  | refPartTri :            2           0
 Triangle numero :           54  | refPartTri :            2           0
 Triangle numero :           55  | refPartTri :            2           0
 Triangle numero :           56  | refPartTri :            2           0
 Triangle numero :           57  | refPartTri :            2           0
 Triangle numero :           58  | refPartTri :            2           0
 Triangle numero :           59  | refPartTri :            2           0
 Triangle numero :           60  | refPartTri :            2           0
 Triangle numero :           61  | refPartTri :            2           0
 Triangle numero :           62  | refPartTri :            2           0
 Triangle numero :           63  | refPartTri :            2           0
 Triangle numero :           64  | refPartTri :            2           0
 Triangle numero :           65  | refPartTri :            2           0
 Triangle numero :           66  | refPartTri :            2           0
 Triangle numero :           67  | refPartTri :            2           0
 Triangle numero :           68  | refPartTri :            2           0
 Triangle numero :           69  | refPartTri :            2           0
 Triangle numero :           70  | refPartTri :            2          -1
 Triangle numero :           71  | refPartTri :            2          -1
 Triangle numero :           72  | refPartTri :            2          -1
 Triangle numero :           73  | refPartTri :            2           0
 Triangle numero :           74  | refPartTri :            2           0
 Triangle numero :           75  | refPartTri :            2           0
 Triangle numero :           76  | refPartTri :            2          -1
 Triangle numero :           77  | refPartTri :            2          -1
 Triangle numero :           78  | refPartTri :            1          -2
 Triangle numero :           79  | refPartTri :            1          -2
 Triangle numero :           80  | refPartTri :            1          -2
 Triangle numero :           81  | refPartTri :            2          -1
 Triangle numero :           82  | refPartTri :            2          -1
 Triangle numero :           83  | refPartTri :            2          -1
 Triangle numero :           84  | refPartTri :            1          -2
 Triangle numero :           85  | refPartTri :            1          -2
 Triangle numero :           86  | refPartTri :            1           0
 Triangle numero :           87  | refPartTri :            1           0
 Triangle numero :           88  | refPartTri :            1           0
 Triangle numero :           89  | refPartTri :            1          -2
 Triangle numero :           90  | refPartTri :            1          -2
 Triangle numero :           91  | refPartTri :            1          -2
 Triangle numero :           92  | refPartTri :            1           0
 Triangle numero :           93  | refPartTri :            1           0
 Triangle numero :           94  | refPartTri :            1           0
 Triangle numero :           95  | refPartTri :            1           0
 Triangle numero :           96  | refPartTri :            1           0
 Triangle numero :           97  | refPartTri :            1           0
 Triangle numero :           98  | refPartTri :            1           0
 Triangle numero :           99  | refPartTri :            1           0
 Triangle numero :          100  | refPartTri :            1           0
 Triangle numero :          101  | refPartTri :            1           0
 Triangle numero :          102  | refPartTri :            1           0
 Triangle numero :          103  | refPartTri :            1           0
 Triangle numero :          104  | refPartTri :            1           0
 Triangle numero :          105  | refPartTri :            1           0
 Triangle numero :          106  | refPartTri :            1           0
 Triangle numero :          107  | refPartTri :            1           0
 Triangle numero :          108  | refPartTri :            1           0
 Triangle numero :          109  | refPartTri :            1           0
 Triangle numero :          110  | refPartTri :            1           0
 Triangle numero :          111  | refPartTri :            1           0
 Triangle numero :          112  | refPartTri :            1           0
 Triangle numero :          113  | refPartTri :            1           0
 Triangle numero :          114  | refPartTri :            1           0
 Triangle numero :          115  | refPartTri :            1           0
 Triangle numero :          116  | refPartTri :            1           0
 Triangle numero :          117  | refPartTri :            1           0
 Triangle numero :          118  | refPartTri :            1           0
 Triangle numero :          119  | refPartTri :            1           0
 Triangle numero :          120  | refPartTri :            1           0
 Triangle numero :          121  | refPartTri :            1           0
 Triangle numero :          122  | refPartTri :            1           0
 Triangle numero :          123  | refPartTri :            1           0
 Triangle numero :          124  | refPartTri :            1           0
 Triangle numero :          125  | refPartTri :            1           0
 Triangle numero :          126  | refPartTri :            1           0
 Triangle numero :          127  | refPartTri :            1           0
 Triangle numero :          128  | refPartTri :            1           0
