 !!!! -------- Info elems -------- !!!!

 Il y a          128  elems

 Element numero :            1  | RefElems :            1  |  RefPartElems :            2           0 | Type d element :            1
 Element numero :            2  | RefElems :            1  |  RefPartElems :            2           0 | Type d element :            1
 Element numero :            3  | RefElems :            1  |  RefPartElems :            2           0 | Type d element :            1
 Element numero :            4  | RefElems :            1  |  RefPartElems :            2           0 | Type d element :            1
 Element numero :            5  | RefElems :            1  |  RefPartElems :            2           0 | Type d element :            1
 Element numero :            6  | RefElems :            1  |  RefPartElems :            2           0 | Type d element :            1
 Element numero :            7  | RefElems :            1  |  RefPartElems :            2           0 | Type d element :            1
 Element numero :            8  | RefElems :            1  |  RefPartElems :            1           0 | Type d element :            1
 Element numero :            9  | RefElems :            1  |  RefPartElems :            1           0 | Type d element :            1
 Element numero :           10  | RefElems :            1  |  RefPartElems :            1           0 | Type d element :            1
 Element numero :           11  | RefElems :            1  |  RefPartElems :            1           0 | Type d element :            1
 Element numero :           12  | RefElems :            1  |  RefPartElems :            1           0 | Type d element :            1
 Element numero :           13  | RefElems :            1  |  RefPartElems :            1           0 | Type d element :            1
 Element numero :           14  | RefElems :            1  |  RefPartElems :            1           0 | Type d element :            1
 Element numero :           15  | RefElems :            1  |  RefPartElems :            1           0 | Type d element :            1
 Element numero :           16  | RefElems :            1  |  RefPartElems :            1           0 | Type d element :            1
 Element numero :           17  | RefElems :            1  |  RefPartElems :            1           0 | Type d element :            1
 Element numero :           18  | RefElems :            1  |  RefPartElems :            1           0 | Type d element :            1
 Element numero :           19  | RefElems :            1  |  RefPartElems :            1           0 | Type d element :            1
 Element numero :           20  | RefElems :            1  |  RefPartElems :            1           0 | Type d element :            1
 Element numero :           21  | RefElems :            1  |  RefPartElems :            1           0 | Type d element :            1
 Element numero :           22  | RefElems :            1  |  RefPartElems :            1           0 | Type d element :            1
 Element numero :           23  | RefElems :            1  |  RefPartElems :            1           0 | Type d element :            1
 Element numero :           24  | RefElems :            1  |  RefPartElems :            2           0 | Type d element :            1
 Element numero :           25  | RefElems :            1  |  RefPartElems :            2           0 | Type d element :            1
 Element numero :           26  | RefElems :            1  |  RefPartElems :            2           0 | Type d element :            1
 Element numero :           27  | RefElems :            1  |  RefPartElems :            2           0 | Type d element :            1
 Element numero :           28  | RefElems :            1  |  RefPartElems :            2           0 | Type d element :            1
 Element numero :           29  | RefElems :            1  |  RefPartElems :            2           0 | Type d element :            1
 Element numero :           30  | RefElems :            1  |  RefPartElems :            2           0 | Type d element :            1
 Element numero :           31  | RefElems :            1  |  RefPartElems :            2           0 | Type d element :            1
 Element numero :           32  | RefElems :            1  |  RefPartElems :            2           0 | Type d element :            1
 Element numero :           33  | RefElems :            2  |  RefPartElems :            2           0 | Type d element :            2
 Element numero :           34  | RefElems :            2  |  RefPartElems :            2           0 | Type d element :            2
 Element numero :           35  | RefElems :            2  |  RefPartElems :            2           0 | Type d element :            2
 Element numero :           36  | RefElems :            2  |  RefPartElems :            2           0 | Type d element :            2
 Element numero :           37  | RefElems :            2  |  RefPartElems :            2           0 | Type d element :            2
 Element numero :           38  | RefElems :            2  |  RefPartElems :            2           0 | Type d element :            2
 Element numero :           39  | RefElems :            2  |  RefPartElems :            2           0 | Type d element :            2
 Element numero :           40  | RefElems :            2  |  RefPartElems :            2           0 | Type d element :            2
 Element numero :           41  | RefElems :            2  |  RefPartElems :            2           0 | Type d element :            2
 Element numero :           42  | RefElems :            2  |  RefPartElems :            2           0 | Type d element :            2
 Element numero :           43  | RefElems :            2  |  RefPartElems :            2           0 | Type d element :            2
 Element numero :           44  | RefElems :            2  |  RefPartElems :            2           0 | Type d element :            2
 Element numero :           45  | RefElems :            2  |  RefPartElems :            2           0 | Type d element :            2
 Element numero :           46  | RefElems :            2  |  RefPartElems :            2           0 | Type d element :            2
 Element numero :           47  | RefElems :            2  |  RefPartElems :            2           0 | Type d element :            2
 Element numero :           48  | RefElems :            2  |  RefPartElems :            2           0 | Type d element :            2
 Element numero :           49  | RefElems :            2  |  RefPartElems :            2           0 | Type d element :            2
 Element numero :           50  | RefElems :            2  |  RefPartElems :            2           0 | Type d element :            2
 Element numero :           51  | RefElems :            2  |  RefPartElems :            2           0 | Type d element :            2
 Element numero :           52  | RefElems :            2  |  RefPartElems :            2           0 | Type d element :            2
 Element numero :           53  | RefElems :            2  |  RefPartElems :            2           0 | Type d element :            2
 Element numero :           54  | RefElems :            2  |  RefPartElems :            2           0 | Type d element :            2
 Element numero :           55  | RefElems :            2  |  RefPartElems :            2           0 | Type d element :            2
 Element numero :           56  | RefElems :            2  |  RefPartElems :            2           0 | Type d element :            2
 Element numero :           57  | RefElems :            2  |  RefPartElems :            2           0 | Type d element :            2
 Element numero :           58  | RefElems :            2  |  RefPartElems :            2           0 | Type d element :            2
 Element numero :           59  | RefElems :            2  |  RefPartElems :            2           0 | Type d element :            2
 Element numero :           60  | RefElems :            2  |  RefPartElems :            2           0 | Type d element :            2
 Element numero :           61  | RefElems :            2  |  RefPartElems :            2           0 | Type d element :            2
 Element numero :           62  | RefElems :            2  |  RefPartElems :            2           0 | Type d element :            2
 Element numero :           63  | RefElems :            2  |  RefPartElems :            2           0 | Type d element :            2
 Element numero :           64  | RefElems :            2  |  RefPartElems :            2           0 | Type d element :            2
 Element numero :           65  | RefElems :            2  |  RefPartElems :            2           0 | Type d element :            2
 Element numero :           66  | RefElems :            2  |  RefPartElems :            2           0 | Type d element :            2
 Element numero :           67  | RefElems :            2  |  RefPartElems :            2           0 | Type d element :            2
 Element numero :           68  | RefElems :            2  |  RefPartElems :            2           0 | Type d element :            2
 Element numero :           69  | RefElems :            2  |  RefPartElems :            2           0 | Type d element :            2
 Element numero :           70  | RefElems :            2  |  RefPartElems :            2          -1 | Type d element :            2
 Element numero :           71  | RefElems :            2  |  RefPartElems :            2          -1 | Type d element :            2
 Element numero :           72  | RefElems :            2  |  RefPartElems :            2          -1 | Type d element :            2
 Element numero :           73  | RefElems :            2  |  RefPartElems :            2           0 | Type d element :            2
 Element numero :           74  | RefElems :            2  |  RefPartElems :            2           0 | Type d element :            2
 Element numero :           75  | RefElems :            2  |  RefPartElems :            2           0 | Type d element :            2
 Element numero :           76  | RefElems :            2  |  RefPartElems :            2          -1 | Type d element :            2
 Element numero :           77  | RefElems :            2  |  RefPartElems :            2          -1 | Type d element :            2
 Element numero :           78  | RefElems :            2  |  RefPartElems :            1          -2 | Type d element :            2
 Element numero :           79  | RefElems :            2  |  RefPartElems :            1          -2 | Type d element :            2
 Element numero :           80  | RefElems :            2  |  RefPartElems :            1          -2 | Type d element :            2
 Element numero :           81  | RefElems :            2  |  RefPartElems :            2          -1 | Type d element :            2
 Element numero :           82  | RefElems :            2  |  RefPartElems :            2          -1 | Type d element :            2
 Element numero :           83  | RefElems :            2  |  RefPartElems :            2          -1 | Type d element :            2
 Element numero :           84  | RefElems :            2  |  RefPartElems :            1          -2 | Type d element :            2
 Element numero :           85  | RefElems :            2  |  RefPartElems :            1          -2 | Type d element :            2
 Element numero :           86  | RefElems :            2  |  RefPartElems :            1           0 | Type d element :            2
 Element numero :           87  | RefElems :            2  |  RefPartElems :            1           0 | Type d element :            2
 Element numero :           88  | RefElems :            2  |  RefPartElems :            1           0 | Type d element :            2
 Element numero :           89  | RefElems :            2  |  RefPartElems :            1          -2 | Type d element :            2
 Element numero :           90  | RefElems :            2  |  RefPartElems :            1          -2 | Type d element :            2
 Element numero :           91  | RefElems :            2  |  RefPartElems :            1          -2 | Type d element :            2
 Element numero :           92  | RefElems :            2  |  RefPartElems :            1           0 | Type d element :            2
 Element numero :           93  | RefElems :            2  |  RefPartElems :            1           0 | Type d element :            2
 Element numero :           94  | RefElems :            2  |  RefPartElems :            1           0 | Type d element :            2
 Element numero :           95  | RefElems :            2  |  RefPartElems :            1           0 | Type d element :            2
 Element numero :           96  | RefElems :            2  |  RefPartElems :            1           0 | Type d element :            2
 Element numero :           97  | RefElems :            2  |  RefPartElems :            1           0 | Type d element :            2
 Element numero :           98  | RefElems :            2  |  RefPartElems :            1           0 | Type d element :            2
 Element numero :           99  | RefElems :            2  |  RefPartElems :            1           0 | Type d element :            2
 Element numero :          100  | RefElems :            2  |  RefPartElems :            1           0 | Type d element :            2
 Element numero :          101  | RefElems :            2  |  RefPartElems :            1           0 | Type d element :            2
 Element numero :          102  | RefElems :            2  |  RefPartElems :            1           0 | Type d element :            2
 Element numero :          103  | RefElems :            2  |  RefPartElems :            1           0 | Type d element :            2
 Element numero :          104  | RefElems :            2  |  RefPartElems :            1           0 | Type d element :            2
 Element numero :          105  | RefElems :            2  |  RefPartElems :            1           0 | Type d element :            2
 Element numero :          106  | RefElems :            2  |  RefPartElems :            1           0 | Type d element :            2
 Element numero :          107  | RefElems :            2  |  RefPartElems :            1           0 | Type d element :            2
 Element numero :          108  | RefElems :            2  |  RefPartElems :            1           0 | Type d element :            2
 Element numero :          109  | RefElems :            2  |  RefPartElems :            1           0 | Type d element :            2
 Element numero :          110  | RefElems :            2  |  RefPartElems :            1           0 | Type d element :            2
 Element numero :          111  | RefElems :            2  |  RefPartElems :            1           0 | Type d element :            2
 Element numero :          112  | RefElems :            2  |  RefPartElems :            1           0 | Type d element :            2
 Element numero :          113  | RefElems :            2  |  RefPartElems :            1           0 | Type d element :            2
 Element numero :          114  | RefElems :            2  |  RefPartElems :            1           0 | Type d element :            2
 Element numero :          115  | RefElems :            2  |  RefPartElems :            1           0 | Type d element :            2
 Element numero :          116  | RefElems :            2  |  RefPartElems :            1           0 | Type d element :            2
 Element numero :          117  | RefElems :            2  |  RefPartElems :            1           0 | Type d element :            2
 Element numero :          118  | RefElems :            2  |  RefPartElems :            1           0 | Type d element :            2
 Element numero :          119  | RefElems :            2  |  RefPartElems :            1           0 | Type d element :            2
 Element numero :          120  | RefElems :            2  |  RefPartElems :            1           0 | Type d element :            2
 Element numero :          121  | RefElems :            2  |  RefPartElems :            1           0 | Type d element :            2
 Element numero :          122  | RefElems :            2  |  RefPartElems :            1           0 | Type d element :            2
 Element numero :          123  | RefElems :            2  |  RefPartElems :            1           0 | Type d element :            2
 Element numero :          124  | RefElems :            2  |  RefPartElems :            1           0 | Type d element :            2
 Element numero :          125  | RefElems :            2  |  RefPartElems :            1           0 | Type d element :            2
 Element numero :          126  | RefElems :            2  |  RefPartElems :            1           0 | Type d element :            2
 Element numero :          127  | RefElems :            2  |  RefPartElems :            1           0 | Type d element :            2
 Element numero :          128  | RefElems :            2  |  RefPartElems :            1           0 | Type d element :            2
