 !!!! -------- Info tris  -------- !!!!

 Il y a          145  triangles pour le proc            2

 Triangle 'numero' :            1  | triVertices :          512        1125         545
 Triangle 'numero' :            2  | triVertices :          545        1125        1323
 Triangle 'numero' :            3  | triVertices :          474         944         532
 Triangle 'numero' :            4  | triVertices :          388         579        1222
 Triangle 'numero' :            5  | triVertices :          545         851        1220
 Triangle 'numero' :            6  | triVertices :          531         851        1211
 Triangle 'numero' :            7  | triVertices :          388         932         579
 Triangle 'numero' :            8  | triVertices :          466         532         861
 Triangle 'numero' :            9  | triVertices :          591        1198        1252
 Triangle 'numero' :           10  | triVertices :          354        1198         591
 Triangle 'numero' :           11  | triVertices :          558        1313         782
 Triangle 'numero' :           12  | triVertices :          531        1389         851
 Triangle 'numero' :           13  | triVertices :          395        1311         667
 Triangle 'numero' :           14  | triVertices :          551        1222         579
 Triangle 'numero' :           15  | triVertices :          545        1323         851
 Triangle 'numero' :           16  | triVertices :          286         702         880
 Triangle 'numero' :           17  | triVertices :          592         667        1311
 Triangle 'numero' :           18  | triVertices :          532         944        1285
 Triangle 'numero' :           19  | triVertices :          466         861         702
 Triangle 'numero' :           20  | triVertices :          667        1389        1130
 Triangle 'numero' :           21  | triVertices :          451        1252        1198
 Triangle 'numero' :           22  | triVertices :          401         782        1313
 Triangle 'numero' :           23  | triVertices :          531        1130        1389
 Triangle 'numero' :           24  | triVertices :          395         667        1130
 Triangle 'numero' :           25  | triVertices :          579         932        1220
 Triangle 'numero' :           26  | triVertices :          452        1220         851
 Triangle 'numero' :           27  | triVertices :          512         545         932
 Triangle 'numero' :           28  | triVertices :          551         579        1232
 Triangle 'numero' :           29  | triVertices :          545        1220         932
 Triangle 'numero' :           30  | triVertices :          774          68        1599
 Triangle 'numero' :           31  | triVertices :          251        1125         844
 Triangle 'numero' :           32  | triVertices :          592        1347         667
 Triangle 'numero' :           33  | triVertices :          257         880         258
 Triangle 'numero' :           34  | triVertices :          451        1379         844
 Triangle 'numero' :           35  | triVertices :          249         851        1323
 Triangle 'numero' :           36  | triVertices :          248        1211         851
 Triangle 'numero' :           37  | triVertices :          532        1285         861
 Triangle 'numero' :           38  | triVertices :           64        1514         782
 Triangle 'numero' :           39  | triVertices :          452         851        1389
 Triangle 'numero' :           40  | triVertices :          259         861         260
 Triangle 'numero' :           41  | triVertices :          388         774        1209
 Triangle 'numero' :           42  | triVertices :          354         591        1231
 Triangle 'numero' :           43  | triVertices :          260         861        1285
 Triangle 'numero' :           44  | triVertices :           63        1298        1019
 Triangle 'numero' :           45  | triVertices :         1599          68          69
 Triangle 'numero' :           46  | triVertices :          286         880         287
 Triangle 'numero' :           47  | triVertices :           64          65        1514
 Triangle 'numero' :           48  | triVertices :          248         851         249
 Triangle 'numero' :           49  | triVertices :          614        1019        1298
 Triangle 'numero' :           50  | triVertices :          247         944        1211
 Triangle 'numero' :           51  | triVertices :          351        1083         816
 Triangle 'numero' :           52  | triVertices :          259        1448         861
 Triangle 'numero' :           53  | triVertices :          258         880        1448
 Triangle 'numero' :           54  | triVertices :           13        1285         944
 Triangle 'numero' :           55  | triVertices :          548        1209         774
 Triangle 'numero' :           56  | triVertices :          388        1222         774
 Triangle 'numero' :           57  | triVertices :          702         861        1448
 Triangle 'numero' :           58  | triVertices :          844        1125        1555
 Triangle 'numero' :           59  | triVertices :          250        1323        1125
 Triangle 'numero' :           60  | triVertices :          388        1209        1345
 Triangle 'numero' :           61  | triVertices :          558         816        1083
 Triangle 'numero' :           62  | triVertices :           13         944         247
 Triangle 'numero' :           63  | triVertices :           69        1350        1599
 Triangle 'numero' :           64  | triVertices :          351         816        1232
 Triangle 'numero' :           65  | triVertices :           69          70        1350
 Triangle 'numero' :           66  | triVertices :          558         782        1514
 Triangle 'numero' :           67  | triVertices :          395        1258        1177
 Triangle 'numero' :           68  | triVertices :           65          66        1340
 Triangle 'numero' :           69  | triVertices :          401        1463         782
 Triangle 'numero' :           70  | triVertices :          591        1345        1209
 Triangle 'numero' :           71  | triVertices :          944        1577        1211
 Triangle 'numero' :           72  | triVertices :           65        1340        1514
 Triangle 'numero' :           73  | triVertices :          702        1448         880
 Triangle 'numero' :           74  | triVertices :          548         774        1599
 Triangle 'numero' :           75  | triVertices :          354        1231         854
 Triangle 'numero' :           76  | triVertices :          551        1232         816
 Triangle 'numero' :           77  | triVertices :           66          67        1282
 Triangle 'numero' :           78  | triVertices :           70          71        1246
 Triangle 'numero' :           79  | triVertices :           64         782        1298
 Triangle 'numero' :           80  | triVertices :           68         774        1225
 Triangle 'numero' :           81  | triVertices :           66        1282        1340
 Triangle 'numero' :           82  | triVertices :          388        1345         932
 Triangle 'numero' :           83  | triVertices :          548         854        1231
 Triangle 'numero' :           84  | triVertices :           63          64        1298
 Triangle 'numero' :           85  | triVertices :          250        1125         251
 Triangle 'numero' :           86  | triVertices :           67          68        1225
 Triangle 'numero' :           87  | triVertices :          551         816        1282
 Triangle 'numero' :           88  | triVertices :          591        1209        1231
 Triangle 'numero' :           89  | triVertices :          351        1489        1347
 Triangle 'numero' :           90  | triVertices :           71          72        1414
 Triangle 'numero' :           91  | triVertices :          247        1211         248
 Triangle 'numero' :           92  | triVertices :           72         909        1414
 Triangle 'numero' :           93  | triVertices :          577        1414         909
 Triangle 'numero' :           94  | triVertices :           70        1246        1350
 Triangle 'numero' :           95  | triVertices :          558        1340         816
 Triangle 'numero' :           96  | triVertices :          577         854        1246
 Triangle 'numero' :           97  | triVertices :          548        1350         854
 Triangle 'numero' :           98  | triVertices :           13         260        1285
 Triangle 'numero' :           99  | triVertices :          451        1198        1379
 Triangle 'numero' :          100  | triVertices :          395        1177        1311
 Triangle 'numero' :          101  | triVertices :          551        1282        1225
 Triangle 'numero' :          102  | triVertices :          452        1166        1220
 Triangle 'numero' :          103  | triVertices :          558        1083        1313
 Triangle 'numero' :          104  | triVertices :          249        1323         250
 Triangle 'numero' :          105  | triVertices :          816        1340        1282
 Triangle 'numero' :          106  | triVertices :           67        1225        1282
 Triangle 'numero' :          107  | triVertices :          774        1222        1225
 Triangle 'numero' :          108  | triVertices :          579        1166        1232
 Triangle 'numero' :          109  | triVertices :          512         932        1345
 Triangle 'numero' :          110  | triVertices :          351        1166        1489
 Triangle 'numero' :          111  | triVertices :          451         844        1555
 Triangle 'numero' :          112  | triVertices :          258        1448         259
 Triangle 'numero' :          113  | triVertices :          548        1231        1209
 Triangle 'numero' :          114  | triVertices :          667        1347        1489
 Triangle 'numero' :          115  | triVertices :          351        1232        1166
 Triangle 'numero' :          116  | triVertices :          854        1350        1246
 Triangle 'numero' :          117  | triVertices :          351        1347        1083
 Triangle 'numero' :          118  | triVertices :          579        1220        1166
 Triangle 'numero' :          119  | triVertices :          512        1555        1125
 Triangle 'numero' :          120  | triVertices :          592        1313        1083
 Triangle 'numero' :          121  | triVertices :          614        1457        1019
 Triangle 'numero' :          122  | triVertices :          592        1083        1347
 Triangle 'numero' :          123  | triVertices :          474        1258        1130
 Triangle 'numero' :          124  | triVertices :          551        1225        1222
 Triangle 'numero' :          125  | triVertices :          548        1599        1350
 Triangle 'numero' :          126  | triVertices :          592        1436        1313
 Triangle 'numero' :          127  | triVertices :          401        1313        1436
 Triangle 'numero' :          128  | triVertices :          558        1514        1340
 Triangle 'numero' :          129  | triVertices :          395        1130        1258
 Triangle 'numero' :          130  | triVertices :          531        1211        1577
 Triangle 'numero' :          131  | triVertices :          782        1463        1298
 Triangle 'numero' :          132  | triVertices :          614        1298        1463
 Triangle 'numero' :          133  | triVertices :          592        1311        1436
 Triangle 'numero' :          134  | triVertices :          531        1577        1130
 Triangle 'numero' :          135  | triVertices :          474        1130        1577
 Triangle 'numero' :          136  | triVertices :          512        1345        1252
 Triangle 'numero' :          137  | triVertices :          452        1489        1166
 Triangle 'numero' :          138  | triVertices :          451        1555        1252
 Triangle 'numero' :          139  | triVertices :          577        1246        1414
 Triangle 'numero' :          140  | triVertices :          474        1577         944
 Triangle 'numero' :          141  | triVertices :          591        1252        1345
 Triangle 'numero' :          142  | triVertices :           71        1414        1246
 Triangle 'numero' :          143  | triVertices :          512        1252        1555
 Triangle 'numero' :          144  | triVertices :          452        1389        1489
 Triangle 'numero' :          145  | triVertices :          667        1489        1389
