 !!!! -------- Info tris  -------- !!!!

 Il y a          146  triangles pour le proc            5

 Triangle 'numero' :            1  | triVertices :          445         633         883
 Triangle 'numero' :            2  | triVertices :          445         763         642
 Triangle 'numero' :            3  | triVertices :         1420         907         752
 Triangle 'numero' :            4  | triVertices :          436         752         694
 Triangle 'numero' :            5  | triVertices :          464         694         752
 Triangle 'numero' :            6  | triVertices :           58         935         625
 Triangle 'numero' :            7  | triVertices :          763        1425        1452
 Triangle 'numero' :            8  | triVertices :           58         625        1238
 Triangle 'numero' :            9  | triVertices :          642         763        1452
 Triangle 'numero' :           10  | triVertices :           21         694         317
 Triangle 'numero' :           11  | triVertices :          445        1038         633
 Triangle 'numero' :           12  | triVertices :           20         664        1353
 Triangle 'numero' :           13  | triVertices :         1240          49         618
 Triangle 'numero' :           14  | triVertices :          618          49        1013
 Triangle 'numero' :           15  | triVertices :          436        1420         752
 Triangle 'numero' :           16  | triVertices :          436        1127         935
 Triangle 'numero' :           17  | triVertices :          445         642        1038
 Triangle 'numero' :           18  | triVertices :           61          62         743
 Triangle 'numero' :           19  | triVertices :          625         935        1127
 Triangle 'numero' :           20  | triVertices :           61         743        1076
 Triangle 'numero' :           21  | triVertices :           20        1117         664
 Triangle 'numero' :           22  | triVertices :          317         694         974
 Triangle 'numero' :           23  | triVertices :          464         974         694
 Triangle 'numero' :           24  | triVertices :           20        1353          21
 Triangle 'numero' :           25  | triVertices :           21        1127         694
 Triangle 'numero' :           26  | triVertices :           59          60         757
 Triangle 'numero' :           27  | triVertices :          500        1076         743
 Triangle 'numero' :           28  | triVertices :          314         771         315
 Triangle 'numero' :           29  | triVertices :          318         764         319
 Triangle 'numero' :           30  | triVertices :          347         910         752
 Triangle 'numero' :           31  | triVertices :          436         935         757
 Triangle 'numero' :           32  | triVertices :          436         694        1127
 Triangle 'numero' :           33  | triVertices :          464         752         910
 Triangle 'numero' :           34  | triVertices :          892        1240        1533
 Triangle 'numero' :           35  | triVertices :          518        1284         857
 Triangle 'numero' :           36  | triVertices :          518        1139        1284
 Triangle 'numero' :           37  | triVertices :          416        1061         743
 Triangle 'numero' :           38  | triVertices :           59         757         935
 Triangle 'numero' :           39  | triVertices :          347         752         907
 Triangle 'numero' :           40  | triVertices :          464         910        1004
 Triangle 'numero' :           41  | triVertices :          500         743        1061
 Triangle 'numero' :           42  | triVertices :          386        1038        1370
 Triangle 'numero' :           43  | triVertices :          386        1064        1196
 Triangle 'numero' :           44  | triVertices :          376         925        1308
 Triangle 'numero' :           45  | triVertices :          445         967         763
 Triangle 'numero' :           46  | triVertices :           57          58        1238
 Triangle 'numero' :           47  | triVertices :          416         743        1457
 Triangle 'numero' :           48  | triVertices :          642        1370        1038
 Triangle 'numero' :           49  | triVertices :          464         764         974
 Triangle 'numero' :           50  | triVertices :           21        1353        1127
 Triangle 'numero' :           51  | triVertices :          633        1478         883
 Triangle 'numero' :           52  | triVertices :          318         974         764
 Triangle 'numero' :           53  | triVertices :           62        1019         743
 Triangle 'numero' :           54  | triVertices :         1540        1139         951
 Triangle 'numero' :           55  | triVertices :          582        1540         951
 Triangle 'numero' :           56  | triVertices :          500         757        1076
 Triangle 'numero' :           57  | triVertices :          464        1004         764
 Triangle 'numero' :           58  | triVertices :           60        1076         757
 Triangle 'numero' :           59  | triVertices :          376        1540         925
 Triangle 'numero' :           60  | triVertices :           58          59         935
 Triangle 'numero' :           61  | triVertices :           55          56         904
 Triangle 'numero' :           62  | triVertices :          573        1308         925
 Triangle 'numero' :           63  | triVertices :           51          52         883
 Triangle 'numero' :           64  | triVertices :          423        1442         771
 Triangle 'numero' :           65  | triVertices :          315         771         995
 Triangle 'numero' :           66  | triVertices :          416         760        1061
 Triangle 'numero' :           67  | triVertices :          436         757        1420
 Triangle 'numero' :           68  | triVertices :          500        1420         757
 Triangle 'numero' :           69  | triVertices :           54         857        1527
 Triangle 'numero' :           70  | triVertices :          347        1430         760
 Triangle 'numero' :           71  | triVertices :           49          50        1013
 Triangle 'numero' :           72  | triVertices :          573        1425        1308
 Triangle 'numero' :           73  | triVertices :          763        1308        1425
 Triangle 'numero' :           74  | triVertices :          633        1038        1248
 Triangle 'numero' :           75  | triVertices :           53          54        1527
 Triangle 'numero' :           76  | triVertices :          664        1117         904
 Triangle 'numero' :           77  | triVertices :          625        1127        1353
 Triangle 'numero' :           78  | triVertices :          386        1248        1038
 Triangle 'numero' :           79  | triVertices :           51         883        1478
 Triangle 'numero' :           80  | triVertices :           56        1606         904
 Triangle 'numero' :           81  | triVertices :          317         974         318
 Triangle 'numero' :           82  | triVertices :          315         995         316
 Triangle 'numero' :           83  | triVertices :          376         967        1284
 Triangle 'numero' :           84  | triVertices :           48          49        1240
 Triangle 'numero' :           85  | triVertices :          623        1284         967
 Triangle 'numero' :           86  | triVertices :           62          63        1019
 Triangle 'numero' :           87  | triVertices :           54        1161         857
 Triangle 'numero' :           88  | triVertices :           52          53        1300
 Triangle 'numero' :           89  | triVertices :         1527        1284         623
 Triangle 'numero' :           90  | triVertices :          664         904        1606
 Triangle 'numero' :           91  | triVertices :          857        1284        1527
 Triangle 'numero' :           92  | triVertices :          500        1430         907
 Triangle 'numero' :           93  | triVertices :          518         857        1161
 Triangle 'numero' :           94  | triVertices :           54          55        1161
 Triangle 'numero' :           95  | triVertices :          445        1545         967
 Triangle 'numero' :           96  | triVertices :           60          61        1076
 Triangle 'numero' :           97  | triVertices :          518        1161         904
 Triangle 'numero' :           98  | triVertices :          771        1442         995
 Triangle 'numero' :           99  | triVertices :          518         904        1117
 Triangle 'numero' :          100  | triVertices :          618        1533        1240
 Triangle 'numero' :          101  | triVertices :           55         904        1161
 Triangle 'numero' :          102  | triVertices :          500         907        1420
 Triangle 'numero' :          103  | triVertices :           20         316        1447
 Triangle 'numero' :          104  | triVertices :           53        1527        1300
 Triangle 'numero' :          105  | triVertices :          500        1061        1430
 Triangle 'numero' :          106  | triVertices :          386        1370        1064
 Triangle 'numero' :          107  | triVertices :          347         907        1430
 Triangle 'numero' :          108  | triVertices :          518        1117         951
 Triangle 'numero' :          109  | triVertices :           48        1240         892
 Triangle 'numero' :          110  | triVertices :           20         951        1117
 Triangle 'numero' :          111  | triVertices :          445         883        1545
 Triangle 'numero' :          112  | triVertices :           52        1300         883
 Triangle 'numero' :          113  | triVertices :          743        1019        1457
 Triangle 'numero' :          114  | triVertices :          423         925        1442
 Triangle 'numero' :          115  | triVertices :           20        1447         951
 Triangle 'numero' :          116  | triVertices :          518         951        1139
 Triangle 'numero' :          117  | triVertices :          582        1442         925
 Triangle 'numero' :          118  | triVertices :          633        1013        1478
 Triangle 'numero' :          119  | triVertices :          623         967        1545
 Triangle 'numero' :          120  | triVertices :          347        1564         910
 Triangle 'numero' :          121  | triVertices :          763         967        1308
 Triangle 'numero' :          122  | triVertices :           50        1478        1013
 Triangle 'numero' :          123  | triVertices :          316         995        1447
 Triangle 'numero' :          124  | triVertices :          633        1248        1013
 Triangle 'numero' :          125  | triVertices :           50          51        1478
 Triangle 'numero' :          126  | triVertices :          582        1447         995
 Triangle 'numero' :          127  | triVertices :           56          57        1606
 Triangle 'numero' :          128  | triVertices :          376        1284        1139
 Triangle 'numero' :          129  | triVertices :          376        1308         967
 Triangle 'numero' :          130  | triVertices :          618        1013        1248
 Triangle 'numero' :          131  | triVertices :          582         925        1540
 Triangle 'numero' :          132  | triVertices :          582         951        1447
 Triangle 'numero' :          133  | triVertices :          386        1196        1248
 Triangle 'numero' :          134  | triVertices :          625        1353        1238
 Triangle 'numero' :          135  | triVertices :          664        1238        1353
 Triangle 'numero' :          136  | triVertices :          618        1248        1196
 Triangle 'numero' :          137  | triVertices :          582         995        1442
 Triangle 'numero' :          138  | triVertices :          760        1430        1061
 Triangle 'numero' :          139  | triVertices :          623        1300        1527
 Triangle 'numero' :          140  | triVertices :          642        1452        1370
 Triangle 'numero' :          141  | triVertices :          376        1139        1540
 Triangle 'numero' :          142  | triVertices :          883        1300        1545
 Triangle 'numero' :          143  | triVertices :           57        1238        1606
 Triangle 'numero' :          144  | triVertices :          618        1196        1533
 Triangle 'numero' :          145  | triVertices :          664        1606        1238
 Triangle 'numero' :          146  | triVertices :          623        1545        1300
