 !!!! -------- Info tris  -------- !!!!

 Il y a          146  triangles pour le proc            9

 Triangle 'numero' :            1  | triVertices :          715        1073        1151
 Triangle 'numero' :            2  | triVertices :          368         828         718
 Triangle 'numero' :            3  | triVertices :          332         632        1178
 Triangle 'numero' :            4  | triVertices :          332        1073         715
 Triangle 'numero' :            5  | triVertices :          332        1060         632
 Triangle 'numero' :            6  | triVertices :          368         718         788
 Triangle 'numero' :            7  | triVertices :          509        1151        1073
 Triangle 'numero' :            8  | triVertices :          272         788         718
 Triangle 'numero' :            9  | triVertices :          396         666        1312
 Triangle 'numero' :           10  | triVertices :          332        1178         657
 Triangle 'numero' :           11  | triVertices :          477        1058         661
 Triangle 'numero' :           12  | triVertices :          272         718         273
 Triangle 'numero' :           13  | triVertices :          276        1385         735
 Triangle 'numero' :           14  | triVertices :          477         661         949
 Triangle 'numero' :           15  | triVertices :          593        1312         666
 Triangle 'numero' :           16  | triVertices :          449         718         828
 Triangle 'numero' :           17  | triVertices :          632        1060         828
 Triangle 'numero' :           18  | triVertices :          410         683        1227
 Triangle 'numero' :           19  | triVertices :          402        1314         783
 Triangle 'numero' :           20  | triVertices :          396        1131         666
 Triangle 'numero' :           21  | triVertices :          275        1385         276
 Triangle 'numero' :           22  | triVertices :          410        1272         683
 Triangle 'numero' :           23  | triVertices :          475        1499         534
 Triangle 'numero' :           24  | triVertices :          449        1227        1501
 Triangle 'numero' :           25  | triVertices :           18        1501         683
 Triangle 'numero' :           26  | triVertices :          276        1361         277
 Triangle 'numero' :           27  | triVertices :          277        1361         882
 Triangle 'numero' :           28  | triVertices :           18         683        1045
 Triangle 'numero' :           29  | triVertices :          410        1227         715
 Triangle 'numero' :           30  | triVertices :          332         715        1060
 Triangle 'numero' :           31  | triVertices :          715        1227        1060
 Triangle 'numero' :           32  | triVertices :          467         534        1123
 Triangle 'numero' :           33  | triVertices :         1227         449        1060
 Triangle 'numero' :           34  | triVertices :          683        1501        1227
 Triangle 'numero' :           35  | triVertices :          477         825         882
 Triangle 'numero' :           36  | triVertices :          601         882         825
 Triangle 'numero' :           37  | triVertices :          332         657        1321
 Triangle 'numero' :           38  | triVertices :          601         833        1268
 Triangle 'numero' :           39  | triVertices :          276         735        1361
 Triangle 'numero' :           40  | triVertices :          272        1441         788
 Triangle 'numero' :           41  | triVertices :          410         715        1151
 Triangle 'numero' :           42  | triVertices :          449         989         718
 Triangle 'numero' :           43  | triVertices :          328        1536         765
 Triangle 'numero' :           44  | triVertices :          477        1361         735
 Triangle 'numero' :           45  | triVertices :          477         735        1058
 Triangle 'numero' :           46  | triVertices :          911        1005        1336
 Triangle 'numero' :           47  | triVertices :          661         765        1536
 Triangle 'numero' :           48  | triVertices :          325         825         326
 Triangle 'numero' :           49  | triVertices :          323         833         324
 Triangle 'numero' :           50  | triVertices :          273         718         989
 Triangle 'numero' :           51  | triVertices :          475         941        1499
 Triangle 'numero' :           52  | triVertices :          449        1501         989
 Triangle 'numero' :           53  | triVertices :          467        1123         788
 Triangle 'numero' :           54  | triVertices :          632        1259        1178
 Triangle 'numero' :           55  | triVertices :          477         949         825
 Triangle 'numero' :           56  | triVertices :          277         882        1268
 Triangle 'numero' :           57  | triVertices :          509         823        1151
 Triangle 'numero' :           58  | triVertices :          601        1268         882
 Triangle 'numero' :           59  | triVertices :          326         825         949
 Triangle 'numero' :           60  | triVertices :           18        1045         275
 Triangle 'numero' :           61  | triVertices :          271        1441         272
 Triangle 'numero' :           62  | triVertices :          661        1590         765
 Triangle 'numero' :           63  | triVertices :          368         788        1123
 Triangle 'numero' :           64  | triVertices :          601         825        1475
 Triangle 'numero' :           65  | triVertices :          601        1475         833
 Triangle 'numero' :           66  | triVertices :           18         274        1501
 Triangle 'numero' :           67  | triVertices :          325        1475         825
 Triangle 'numero' :           68  | triVertices :          324         833        1475
 Triangle 'numero' :           69  | triVertices :          396        1178        1259
 Triangle 'numero' :           70  | triVertices :          402         783        1464
 Triangle 'numero' :           71  | triVertices :          275        1045        1385
 Triangle 'numero' :           72  | triVertices :          449         828        1060
 Triangle 'numero' :           73  | triVertices :          326         949         327
 Triangle 'numero' :           74  | triVertices :          632         941        1259
 Triangle 'numero' :           75  | triVertices :          823        1435        1151
 Triangle 'numero' :           76  | triVertices :          615        1484        1112
 Triangle 'numero' :           77  | triVertices :          467         788        1441
 Triangle 'numero' :           78  | triVertices :          368        1576         828
 Triangle 'numero' :           79  | triVertices :          273         989         274
 Triangle 'numero' :           80  | triVertices :          661        1058        1590
 Triangle 'numero' :           81  | triVertices :          632         828        1576
 Triangle 'numero' :           82  | triVertices :          477         882        1361
 Triangle 'numero' :           83  | triVertices :          661        1536         949
 Triangle 'numero' :           84  | triVertices :          327         949        1536
 Triangle 'numero' :           85  | triVertices :          587        1096        1073
 Triangle 'numero' :           86  | triVertices :          765        1590        1005
 Triangle 'numero' :           87  | triVertices :          595         911        1336
 Triangle 'numero' :           88  | triVertices :          475        1259         941
 Triangle 'numero' :           89  | triVertices :          270        1173         271
 Triangle 'numero' :           90  | triVertices :          563        1092        1494
 Triangle 'numero' :           91  | triVertices :          563        1494        1280
 Triangle 'numero' :           92  | triVertices :          563        1385        1045
 Triangle 'numero' :           93  | triVertices :          410        1151        1435
 Triangle 'numero' :           94  | triVertices :          383        1590        1058
 Triangle 'numero' :           95  | triVertices :          277        1268         278
 Triangle 'numero' :           96  | triVertices :          683        1272        1045
 Triangle 'numero' :           97  | triVertices :          563        1280        1385
 Triangle 'numero' :           98  | triVertices :          735        1385        1280
 Triangle 'numero' :           99  | triVertices :          595        1565         911
 Triangle 'numero' :          100  | triVertices :          396        1312        1178
 Triangle 'numero' :          101  | triVertices :          402        1112        1206
 Triangle 'numero' :          102  | triVertices :          823        1565        1435
 Triangle 'numero' :          103  | triVertices :          595        1435        1565
 Triangle 'numero' :          104  | triVertices :          324        1475         325
 Triangle 'numero' :          105  | triVertices :          587        1206        1112
 Triangle 'numero' :          106  | triVertices :          327        1536         328
 Triangle 'numero' :          107  | triVertices :          587        1073        1321
 Triangle 'numero' :          108  | triVertices :          274         989        1501
 Triangle 'numero' :          109  | triVertices :          735        1280        1058
 Triangle 'numero' :          110  | triVertices :          383        1058        1280
 Triangle 'numero' :          111  | triVertices :          332        1321        1073
 Triangle 'numero' :          112  | triVertices :          383        1336        1005
 Triangle 'numero' :          113  | triVertices :          563        1045        1272
 Triangle 'numero' :          114  | triVertices :          368        1499         941
 Triangle 'numero' :          115  | triVertices :          410        1092        1272
 Triangle 'numero' :          116  | triVertices :          657        1178        1312
 Triangle 'numero' :          117  | triVertices :          563        1272        1092
 Triangle 'numero' :          118  | triVertices :          593        1084        1314
 Triangle 'numero' :          119  | triVertices :          595        1494        1092
 Triangle 'numero' :          120  | triVertices :          475        1131        1259
 Triangle 'numero' :          121  | triVertices :          593        1314        1437
 Triangle 'numero' :          122  | triVertices :          402        1437        1314
 Triangle 'numero' :          123  | triVertices :          410        1435        1092
 Triangle 'numero' :          124  | triVertices :          396        1259        1131
 Triangle 'numero' :          125  | triVertices :          368         941        1576
 Triangle 'numero' :          126  | triVertices :          383        1005        1590
 Triangle 'numero' :          127  | triVertices :          595        1092        1435
 Triangle 'numero' :          128  | triVertices :          632        1576         941
 Triangle 'numero' :          129  | triVertices :          587        1484        1096
 Triangle 'numero' :          130  | triVertices :          657        1206        1321
 Triangle 'numero' :          131  | triVertices :          402        1206        1437
 Triangle 'numero' :          132  | triVertices :          593        1437        1312
 Triangle 'numero' :          133  | triVertices :          534        1499        1123
 Triangle 'numero' :          134  | triVertices :          402        1464        1112
 Triangle 'numero' :          135  | triVertices :          587        1321        1206
 Triangle 'numero' :          136  | triVertices :          595        1336        1494
 Triangle 'numero' :          137  | triVertices :          587        1112        1484
 Triangle 'numero' :          138  | triVertices :          475        1578        1131
 Triangle 'numero' :          139  | triVertices :          383        1280        1494
 Triangle 'numero' :          140  | triVertices :          615        1112        1464
 Triangle 'numero' :          141  | triVertices :          657        1437        1206
 Triangle 'numero' :          142  | triVertices :          657        1312        1437
 Triangle 'numero' :          143  | triVertices :          467        1441        1173
 Triangle 'numero' :          144  | triVertices :          368        1123        1499
 Triangle 'numero' :          145  | triVertices :          383        1494        1336
 Triangle 'numero' :          146  | triVertices :          271        1173        1441
