 !!!! -------- Info Noeuds -------- !!!!

 Il y a           65  noeuds

 Noeud numero :            1  | RefNodes :            1  |  RefPartNodes :            2
 Noeud numero :            2  | RefNodes :            1  |  RefPartNodes :            1
 Noeud numero :            3  | RefNodes :            1  |  RefPartNodes :            1
 Noeud numero :            4  | RefNodes :            1  |  RefPartNodes :            2
 Noeud numero :            5  | RefNodes :            1  |  RefPartNodes :            2
 Noeud numero :            6  | RefNodes :            1  |  RefPartNodes :            2
 Noeud numero :            7  | RefNodes :            1  |  RefPartNodes :            2
 Noeud numero :            8  | RefNodes :            1  |  RefPartNodes :            2
 Noeud numero :            9  | RefNodes :            1  |  RefPartNodes :            2
 Noeud numero :           10  | RefNodes :            1  |  RefPartNodes :            2
 Noeud numero :           11  | RefNodes :           -3  |  RefPartNodes :            0
 Noeud numero :           12  | RefNodes :            1  |  RefPartNodes :            1
 Noeud numero :           13  | RefNodes :            1  |  RefPartNodes :            1
 Noeud numero :           14  | RefNodes :            1  |  RefPartNodes :            1
 Noeud numero :           15  | RefNodes :            1  |  RefPartNodes :            1
 Noeud numero :           16  | RefNodes :            1  |  RefPartNodes :            1
 Noeud numero :           17  | RefNodes :            1  |  RefPartNodes :            1
 Noeud numero :           18  | RefNodes :            1  |  RefPartNodes :            1
 Noeud numero :           19  | RefNodes :            1  |  RefPartNodes :            1
 Noeud numero :           20  | RefNodes :            1  |  RefPartNodes :            1
 Noeud numero :           21  | RefNodes :            1  |  RefPartNodes :            1
 Noeud numero :           22  | RefNodes :            1  |  RefPartNodes :            1
 Noeud numero :           23  | RefNodes :            1  |  RefPartNodes :            1
 Noeud numero :           24  | RefNodes :            1  |  RefPartNodes :            1
 Noeud numero :           25  | RefNodes :           -3  |  RefPartNodes :            0
 Noeud numero :           26  | RefNodes :            1  |  RefPartNodes :            2
 Noeud numero :           27  | RefNodes :            1  |  RefPartNodes :            2
 Noeud numero :           28  | RefNodes :            1  |  RefPartNodes :            2
 Noeud numero :           29  | RefNodes :            1  |  RefPartNodes :            2
 Noeud numero :           30  | RefNodes :            1  |  RefPartNodes :            2
 Noeud numero :           31  | RefNodes :            1  |  RefPartNodes :            2
 Noeud numero :           32  | RefNodes :            1  |  RefPartNodes :            2
 Noeud numero :           33  | RefNodes :            2  |  RefPartNodes :            2
 Noeud numero :           34  | RefNodes :            2  |  RefPartNodes :            2
 Noeud numero :           35  | RefNodes :            2  |  RefPartNodes :            2
 Noeud numero :           36  | RefNodes :            2  |  RefPartNodes :            2
 Noeud numero :           37  | RefNodes :            2  |  RefPartNodes :            2
 Noeud numero :           38  | RefNodes :            2  |  RefPartNodes :            2
 Noeud numero :           39  | RefNodes :            2  |  RefPartNodes :            2
 Noeud numero :           40  | RefNodes :            2  |  RefPartNodes :            2
 Noeud numero :           41  | RefNodes :            2  |  RefPartNodes :            2
 Noeud numero :           42  | RefNodes :            2  |  RefPartNodes :            2
 Noeud numero :           43  | RefNodes :            2  |  RefPartNodes :            2
 Noeud numero :           44  | RefNodes :            2  |  RefPartNodes :            2
 Noeud numero :           45  | RefNodes :            2  |  RefPartNodes :            2
 Noeud numero :           46  | RefNodes :            2  |  RefPartNodes :            2
 Noeud numero :           47  | RefNodes :           -7  |  RefPartNodes :            0
 Noeud numero :           48  | RefNodes :            2  |  RefPartNodes :            2
 Noeud numero :           49  | RefNodes :           -7  |  RefPartNodes :            0
 Noeud numero :           50  | RefNodes :            2  |  RefPartNodes :            1
 Noeud numero :           51  | RefNodes :           -7  |  RefPartNodes :            0
 Noeud numero :           52  | RefNodes :            2  |  RefPartNodes :            1
 Noeud numero :           53  | RefNodes :            2  |  RefPartNodes :            1
 Noeud numero :           54  | RefNodes :            2  |  RefPartNodes :            1
 Noeud numero :           55  | RefNodes :            2  |  RefPartNodes :            1
 Noeud numero :           56  | RefNodes :            2  |  RefPartNodes :            1
 Noeud numero :           57  | RefNodes :            2  |  RefPartNodes :            1
 Noeud numero :           58  | RefNodes :            2  |  RefPartNodes :            1
 Noeud numero :           59  | RefNodes :            2  |  RefPartNodes :            1
 Noeud numero :           60  | RefNodes :            2  |  RefPartNodes :            1
 Noeud numero :           61  | RefNodes :            2  |  RefPartNodes :            1
 Noeud numero :           62  | RefNodes :            2  |  RefPartNodes :            1
 Noeud numero :           63  | RefNodes :            2  |  RefPartNodes :            1
 Noeud numero :           64  | RefNodes :            2  |  RefPartNodes :            1
 Noeud numero :           65  | RefNodes :            2  |  RefPartNodes :            1
