 !!!! -------- Info tris  -------- !!!!

 Il y a          880  triangles pour le proc            0

 Triangle 'numero' :            1  | triVertices :         1579         674         772
 Triangle 'numero' :            2  | triVertices :         1580         773         675
 Triangle 'numero' :            3  | triVertices :          341         674        1579
 Triangle 'numero' :            4  | triVertices :          342        1580         675
 Triangle 'numero' :            5  | triVertices :           39          40         692
 Triangle 'numero' :            6  | triVertices :          425         605        1099
 Triangle 'numero' :            7  | triVertices :          433         898         596
 Triangle 'numero' :            8  | triVertices :          438         637         873
 Triangle 'numero' :            9  | triVertices :          439         874         638
 Triangle 'numero' :           10  | triVertices :          459         781         644
 Triangle 'numero' :           11  | triVertices :          438        1048         637
 Triangle 'numero' :           12  | triVertices :          439         638        1049
 Triangle 'numero' :           13  | triVertices :          715        1073        1151
 Triangle 'numero' :           14  | triVertices :          389         704        1017
 Triangle 'numero' :           15  | triVertices :          565        1114         749
 Triangle 'numero' :           16  | triVertices :          346         749        1114
 Triangle 'numero' :           17  | triVertices :          447         635         892
 Triangle 'numero' :           18  | triVertices :          425         955         605
 Triangle 'numero' :           19  | triVertices :          427         639         922
 Triangle 'numero' :           20  | triVertices :          474         944         532
 Triangle 'numero' :           21  | triVertices :          475         534         945
 Triangle 'numero' :           22  | triVertices :          350         870         722
 Triangle 'numero' :           23  | triVertices :          349         721         869
 Triangle 'numero' :           24  | triVertices :          457         722         870
 Triangle 'numero' :           25  | triVertices :          213         639        1194
 Triangle 'numero' :           26  | triVertices :          762        1451        1424
 Triangle 'numero' :           27  | triVertices :          763        1425        1452
 Triangle 'numero' :           28  | triVertices :          331        1177         631
 Triangle 'numero' :           29  | triVertices :          208         706        1253
 Triangle 'numero' :           30  | triVertices :          430         629         964
 Triangle 'numero' :           31  | triVertices :          641        1451         762
 Triangle 'numero' :           32  | triVertices :          642         763        1452
 Triangle 'numero' :           33  | triVertices :          430         886         629
 Triangle 'numero' :           34  | triVertices :          332        1073         715
 Triangle 'numero' :           35  | triVertices :          444         634        1039
 Triangle 'numero' :           36  | triVertices :          538         843        1216
 Triangle 'numero' :           37  | triVertices :          540        1217         844
 Triangle 'numero' :           38  | triVertices :          364         966         835
 Triangle 'numero' :           39  | triVertices :           40        1144         692
 Triangle 'numero' :           40  | triVertices :          349         890         721
 Triangle 'numero' :           41  | triVertices :          350         722         891
 Triangle 'numero' :           42  | triVertices :         1241         619         133
 Triangle 'numero' :           43  | triVertices :          461         721         890
 Triangle 'numero' :           44  | triVertices :          554         835         966
 Triangle 'numero' :           45  | triVertices :          619        1012         133
 Triangle 'numero' :           46  | triVertices :          213         922         639
 Triangle 'numero' :           47  | triVertices :          466         532         861
 Triangle 'numero' :           48  | triVertices :          467         862         534
 Triangle 'numero' :           49  | triVertices :          591        1198        1252
 Triangle 'numero' :           50  | triVertices :          262        1355         637
 Triangle 'numero' :           51  | triVertices :          294         638        1356
 Triangle 'numero' :           52  | triVertices :          605         999        1099
 Triangle 'numero' :           53  | triVertices :          262         637        1048
 Triangle 'numero' :           54  | triVertices :          294        1049         638
 Triangle 'numero' :           55  | triVertices :          354        1198         591
 Triangle 'numero' :           56  | triVertices :         1595         890         747
 Triangle 'numero' :           57  | triVertices :         1594         748         891
 Triangle 'numero' :           58  | triVertices :          341        1264         674
 Triangle 'numero' :           59  | triVertices :          342         675        1265
 Triangle 'numero' :           60  | triVertices :          442         806         849
 Triangle 'numero' :           61  | triVertices :          443         850         807
 Triangle 'numero' :           62  | triVertices :            5         208        1253
 Triangle 'numero' :           63  | triVertices :          704        1316        1017
 Triangle 'numero' :           64  | triVertices :          495         849         806
 Triangle 'numero' :           65  | triVertices :          496         807         850
 Triangle 'numero' :           66  | triVertices :          343         700         845
 Triangle 'numero' :           67  | triVertices :          509        1151        1073
 Triangle 'numero' :           68  | triVertices :          538        1378         843
 Triangle 'numero' :           69  | triVertices :          540         844        1379
 Triangle 'numero' :           70  | triVertices :          427        1035         639
 Triangle 'numero' :           71  | triVertices :          559         783        1314
 Triangle 'numero' :           72  | triVertices :          342        1265         687
 Triangle 'numero' :           73  | triVertices :          444        1039         641
 Triangle 'numero' :           74  | triVertices :          236         798         237
 Triangle 'numero' :           75  | triVertices :          256         799         257
 Triangle 'numero' :           76  | triVertices :          389        1587         704
 Triangle 'numero' :           77  | triVertices :          339        1099         999
 Triangle 'numero' :           78  | triVertices :          395        1311         667
 Triangle 'numero' :           79  | triVertices :          396         666        1312
 Triangle 'numero' :           80  | triVertices :          513        1595         747
 Triangle 'numero' :           81  | triVertices :          514         748        1594
 Triangle 'numero' :           82  | triVertices :          331         656        1177
 Triangle 'numero' :           83  | triVertices :          286         702         880
 Triangle 'numero' :           84  | triVertices :          270         879         703
 Triangle 'numero' :           85  | triVertices :          574         954        1087
 Triangle 'numero' :           86  | triVertices :          575        1088         955
 Triangle 'numero' :           87  | triVertices :          487         797         870
 Triangle 'numero' :           88  | triVertices :          173         649        1056
 Triangle 'numero' :           89  | triVertices :          457         870         797
 Triangle 'numero' :           90  | triVertices :          173        1237         649
 Triangle 'numero' :           91  | triVertices :          356         978         737
 Triangle 'numero' :           92  | triVertices :          520         692        1144
 Triangle 'numero' :           93  | triVertices :          380         674        1032
 Triangle 'numero' :           94  | triVertices :          592         667        1311
 Triangle 'numero' :           95  | triVertices :          593        1312         666
 Triangle 'numero' :           96  | triVertices :         1107         850        1001
 Triangle 'numero' :           97  | triVertices :          389         766        1587
 Triangle 'numero' :           98  | triVertices :          532         944        1285
 Triangle 'numero' :           99  | triVertices :          534        1286         945
 Triangle 'numero' :          100  | triVertices :          466         861         702
 Triangle 'numero' :          101  | triVertices :          467         703         862
 Triangle 'numero' :          102  | triVertices :          666        1131        1390
 Triangle 'numero' :          103  | triVertices :          356         850        1107
 Triangle 'numero' :          104  | triVertices :          497         737         978
 Triangle 'numero' :          105  | triVertices :         1520         731        1114
 Triangle 'numero' :          106  | triVertices :          197         856         198
 Triangle 'numero' :          107  | triVertices :          561         726        1456
 Triangle 'numero' :          108  | triVertices :           39         692         894
 Triangle 'numero' :          109  | triVertices :          668        1378        1168
 Triangle 'numero' :          110  | triVertices :          669        1169        1379
 Triangle 'numero' :          111  | triVertices :          447        1533         655
 Triangle 'numero' :          112  | triVertices :          403        1404         668
 Triangle 'numero' :          113  | triVertices :          380        1006         674
 Triangle 'numero' :          114  | triVertices :          392         687        1027
 Triangle 'numero' :          115  | triVertices :           76          77         758
 Triangle 'numero' :          116  | triVertices :          105         106         759
 Triangle 'numero' :          117  | triVertices :          451        1252        1198
 Triangle 'numero' :          118  | triVertices :          373        1087         954
 Triangle 'numero' :          119  | triVertices :          374         955        1088
 Triangle 'numero' :          120  | triVertices :          401         782        1313
 Triangle 'numero' :          121  | triVertices :          402        1314         783
 Triangle 'numero' :          122  | triVertices :          533        1390        1131
 Triangle 'numero' :          123  | triVertices :          389         692        1213
 Triangle 'numero' :          124  | triVertices :          396        1131         666
 Triangle 'numero' :          125  | triVertices :          520        1213         692
 Triangle 'numero' :          126  | triVertices :          342        1229         876
 Triangle 'numero' :          127  | triVertices :          384         737        1055
 Triangle 'numero' :          128  | triVertices :          197        1129         856
 Triangle 'numero' :          129  | triVertices :          190         855        1128
 Triangle 'numero' :          130  | triVertices :          508         822         760
 Triangle 'numero' :          131  | triVertices :          509         761         823
 Triangle 'numero' :          132  | triVertices :          435         731        1520
 Triangle 'numero' :          133  | triVertices :          538        1168        1378
 Triangle 'numero' :          134  | triVertices :          540        1379        1169
 Triangle 'numero' :          135  | triVertices :          469         539         889
 Triangle 'numero' :          136  | triVertices :          556         982         898
 Triangle 'numero' :          137  | triVertices :          208        1053         706
 Triangle 'numero' :          138  | triVertices :          359         898         982
 Triangle 'numero' :          139  | triVertices :          191        1128         724
 Triangle 'numero' :          140  | triVertices :          501         706        1053
 Triangle 'numero' :          141  | triVertices :          404         739         908
 Triangle 'numero' :          142  | triVertices :          406         909         740
 Triangle 'numero' :          143  | triVertices :          347         760         822
 Triangle 'numero' :          144  | triVertices :          348         823         761
 Triangle 'numero' :          145  | triVertices :          610         668        1404
 Triangle 'numero' :          146  | triVertices :          474         532        1498
 Triangle 'numero' :          147  | triVertices :          475        1499         534
 Triangle 'numero' :          148  | triVertices :          342         687        1229
 Triangle 'numero' :          149  | triVertices :          220        1041         733
 Triangle 'numero' :          150  | triVertices :          403         668        1168
 Triangle 'numero' :          151  | triVertices :          438         808        1048
 Triangle 'numero' :          152  | triVertices :          105         759         878
 Triangle 'numero' :          153  | triVertices :           76         758        1332
 Triangle 'numero' :          154  | triVertices :          773        1580        1064
 Triangle 'numero' :          155  | triVertices :          772        1063        1579
 Triangle 'numero' :          156  | triVertices :          411         728         873
 Triangle 'numero' :          157  | triVertices :          412         874         729
 Triangle 'numero' :          158  | triVertices :          297         926         298
 Triangle 'numero' :          159  | triVertices :          198         856         915
 Triangle 'numero' :          160  | triVertices :          726         864        1456
 Triangle 'numero' :          161  | triVertices :          314         771         315
 Triangle 'numero' :          162  | triVertices :          304         770         305
 Triangle 'numero' :          163  | triVertices :          318         764         319
 Triangle 'numero' :          164  | triVertices :          328         765         329
 Triangle 'numero' :          165  | triVertices :          389        1017         692
 Triangle 'numero' :          166  | triVertices :            7         707         961
 Triangle 'numero' :          167  | triVertices :            7         960         707
 Triangle 'numero' :          168  | triVertices :          242         843        1124
 Triangle 'numero' :          169  | triVertices :          251        1125         844
 Triangle 'numero' :          170  | triVertices :          593         666        1348
 Triangle 'numero' :          171  | triVertices :          576        1399         908
 Triangle 'numero' :          172  | triVertices :          577         909        1400
 Triangle 'numero' :          173  | triVertices :          347         910         752
 Triangle 'numero' :          174  | triVertices :          348         753         911
 Triangle 'numero' :          175  | triVertices :          196         946         723
 Triangle 'numero' :          176  | triVertices :          191         724         947
 Triangle 'numero' :          177  | triVertices :          428         878         759
 Triangle 'numero' :          178  | triVertices :          384        1158         737
 Triangle 'numero' :          179  | triVertices :          220         733        1192
 Triangle 'numero' :          180  | triVertices :          205        1075         786
 Triangle 'numero' :          181  | triVertices :          257         880         258
 Triangle 'numero' :          182  | triVertices :          497         978         836
 Triangle 'numero' :          183  | triVertices :          349        1316         704
 Triangle 'numero' :          184  | triVertices :          350         705        1315
 Triangle 'numero' :          185  | triVertices :          450         843        1378
 Triangle 'numero' :          186  | triVertices :          451        1379         844
 Triangle 'numero' :          187  | triVertices :          521         836         978
 Triangle 'numero' :          188  | triVertices :          607        1559         864
 Triangle 'numero' :          189  | triVertices :          225        1051        1293
 Triangle 'numero' :          190  | triVertices :          464         752         910
 Triangle 'numero' :          191  | triVertices :          465         911         753
 Triangle 'numero' :          192  | triVertices :          497        1055         737
 Triangle 'numero' :          193  | triVertices :          182         785         964
 Triangle 'numero' :          194  | triVertices :          205         786         963
 Triangle 'numero' :          195  | triVertices :          241        1216         843
 Triangle 'numero' :          196  | triVertices :          252         844        1217
 Triangle 'numero' :          197  | triVertices :          466        1122         532
 Triangle 'numero' :          198  | triVertices :          467         534        1123
 Triangle 'numero' :          199  | triVertices :          435        1426         731
 Triangle 'numero' :          200  | triVertices :          371        1163         755
 Triangle 'numero' :          201  | triVertices :          372         754        1162
 Triangle 'numero' :          202  | triVertices :          532        1285         861
 Triangle 'numero' :          203  | triVertices :          534         862        1286
 Triangle 'numero' :          204  | triVertices :          404         908        1399
 Triangle 'numero' :          205  | triVertices :          406        1400         909
 Triangle 'numero' :          206  | triVertices :          655        1196        1064
 Triangle 'numero' :          207  | triVertices :          654        1063        1195
 Triangle 'numero' :          208  | triVertices :          543         728        1351
 Triangle 'numero' :          209  | triVertices :          544        1352         729
 Triangle 'numero' :          210  | triVertices :          892        1240        1533
 Triangle 'numero' :          211  | triVertices :          411        1351         728
 Triangle 'numero' :          212  | triVertices :          412         729        1352
 Triangle 'numero' :          213  | triVertices :          700        1266         845
 Triangle 'numero' :          214  | triVertices :          170         171         779
 Triangle 'numero' :          215  | triVertices :          118         783        1515
 Triangle 'numero' :          216  | triVertices :          459         868         966
 Triangle 'numero' :          217  | triVertices :          236         879         798
 Triangle 'numero' :          218  | triVertices :          257         799         880
 Triangle 'numero' :          219  | triVertices :          349         704        1164
 Triangle 'numero' :          220  | triVertices :          350        1165         705
 Triangle 'numero' :          221  | triVertices :          447         892        1533
 Triangle 'numero' :          222  | triVertices :         1580         655        1064
 Triangle 'numero' :          223  | triVertices :         1579        1063         654
 Triangle 'numero' :          224  | triVertices :          501        1242         706
 Triangle 'numero' :          225  | triVertices :          495         961         707
 Triangle 'numero' :          226  | triVertices :          554         966         868
 Triangle 'numero' :          227  | triVertices :          554        1332         758
 Triangle 'numero' :          228  | triVertices :          416        1061         743
 Triangle 'numero' :          229  | triVertices :          543        1341         728
 Triangle 'numero' :          230  | triVertices :          544         729        1342
 Triangle 'numero' :          231  | triVertices :          237         798        1411
 Triangle 'numero' :          232  | triVertices :          311         746        1140
 Triangle 'numero' :          233  | triVertices :          612         926         830
 Triangle 'numero' :          234  | triVertices :          514         723        1176
 Triangle 'numero' :          235  | triVertices :          513        1175         724
 Triangle 'numero' :          236  | triVertices :          610        1367         668
 Triangle 'numero' :          237  | triVertices :          469         889         653
 Triangle 'numero' :          238  | triVertices :          349         747         890
 Triangle 'numero' :          239  | triVertices :          350         891         748
 Triangle 'numero' :          240  | triVertices :          637        1468         873
 Triangle 'numero' :          241  | triVertices :          638         874        1469
 Triangle 'numero' :          242  | triVertices :          311        1090         746
 Triangle 'numero' :          243  | triVertices :          347         752         907
 Triangle 'numero' :          244  | triVertices :          354         591        1231
 Triangle 'numero' :          245  | triVertices :          204        1075         205
 Triangle 'numero' :          246  | triVertices :          464         910        1004
 Triangle 'numero' :          247  | triVertices :          465        1005         911
 Triangle 'numero' :          248  | triVertices :          601         833        1268
 Triangle 'numero' :          249  | triVertices :          213        1194         214
 Triangle 'numero' :          250  | triVertices :          386        1038        1370
 Triangle 'numero' :          251  | triVertices :          385        1369        1039
 Triangle 'numero' :          252  | triVertices :          644         781        1098
 Triangle 'numero' :          253  | triVertices :           63        1298        1019
 Triangle 'numero' :          254  | triVertices :          386        1064        1196
 Triangle 'numero' :          255  | triVertices :          385        1195        1063
 Triangle 'numero' :          256  | triVertices :          104         105         878
 Triangle 'numero' :          257  | triVertices :          528        1098         781
 Triangle 'numero' :          258  | triVertices :          442        1000         755
 Triangle 'numero' :          259  | triVertices :          195         836         946
 Triangle 'numero' :          260  | triVertices :          438         873        1184
 Triangle 'numero' :          261  | triVertices :          439        1185         874
 Triangle 'numero' :          262  | triVertices :          286         880         287
 Triangle 'numero' :          263  | triVertices :          269         879         270
 Triangle 'numero' :          264  | triVertices :          238         889         239
 Triangle 'numero' :          265  | triVertices :          198         915         199
 Triangle 'numero' :          266  | triVertices :          117         118        1515
 Triangle 'numero' :          267  | triVertices :          615        1297        1020
 Triangle 'numero' :          268  | triVertices :          614        1019        1298
 Triangle 'numero' :          269  | triVertices :          241         843         242
 Triangle 'numero' :          270  | triVertices :          251         844         252
 Triangle 'numero' :          271  | triVertices :          375        1307         924
 Triangle 'numero' :          272  | triVertices :          376         925        1308
 Triangle 'numero' :          273  | triVertices :          314        1199         771
 Triangle 'numero' :          274  | triVertices :          521         946         836
 Triangle 'numero' :          275  | triVertices :          514        1129         723
 Triangle 'numero' :          276  | triVertices :          513         724        1128
 Triangle 'numero' :          277  | triVertices :          442        1163         971
 Triangle 'numero' :          278  | triVertices :          443         972        1162
 Triangle 'numero' :          279  | triVertices :          182         964         183
 Triangle 'numero' :          280  | triVertices :          205         963         206
 Triangle 'numero' :          281  | triVertices :          356         737        1549
 Triangle 'numero' :          282  | triVertices :           10         226         812
 Triangle 'numero' :          283  | triVertices :          649        1119        1056
 Triangle 'numero' :          284  | triVertices :          488         755        1000
 Triangle 'numero' :          285  | triVertices :          833        1174        1268
 Triangle 'numero' :          286  | triVertices :          509        1096         761
 Triangle 'numero' :          287  | triVertices :          508         760        1095
 Triangle 'numero' :          288  | triVertices :          190        1128         191
 Triangle 'numero' :          289  | triVertices :          442         971         806
 Triangle 'numero' :          290  | triVertices :          443         807         972
 Triangle 'numero' :          291  | triVertices :          352         817        1084
 Triangle 'numero' :          292  | triVertices :          294        1356         295
 Triangle 'numero' :          293  | triVertices :          261        1355         262
 Triangle 'numero' :          294  | triVertices :          430         964         785
 Triangle 'numero' :          295  | triVertices :          431         963         786
 Triangle 'numero' :          296  | triVertices :          539        1329         889
 Triangle 'numero' :          297  | triVertices :          319         764        1535
 Triangle 'numero' :          298  | triVertices :          328        1536         765
 Triangle 'numero' :          299  | triVertices :          415         761        1096
 Triangle 'numero' :          300  | triVertices :          416        1095         760
 Triangle 'numero' :          301  | triVertices :          428         845        1266
 Triangle 'numero' :          302  | triVertices :          460         991         915
 Triangle 'numero' :          303  | triVertices :          460         915         856
 Triangle 'numero' :          304  | triVertices :          599         915         991
 Triangle 'numero' :          305  | triVertices :          155         156         820
 Triangle 'numero' :          306  | triVertices :          423         805        1116
 Triangle 'numero' :          307  | triVertices :          542        1056        1119
 Triangle 'numero' :          308  | triVertices :          239         889        1329
 Triangle 'numero' :          309  | triVertices :          416         743        1457
 Triangle 'numero' :          310  | triVertices :          194         836         195
 Triangle 'numero' :          311  | triVertices :          642        1370        1038
 Triangle 'numero' :          312  | triVertices :          641        1039        1369
 Triangle 'numero' :          313  | triVertices :          209         961         806
 Triangle 'numero' :          314  | triVertices :          232         807         960
 Triangle 'numero' :          315  | triVertices :          626         986        1408
 Triangle 'numero' :          316  | triVertices :          627        1409         987
 Triangle 'numero' :          317  | triVertices :          431         749        1592
 Triangle 'numero' :          318  | triVertices :           74          75         868
 Triangle 'numero' :          319  | triVertices :          464         764         974
 Triangle 'numero' :          320  | triVertices :          465         975         765
 Triangle 'numero' :          321  | triVertices :          910        1335        1004
 Triangle 'numero' :          322  | triVertices :          911        1005        1336
 Triangle 'numero' :          323  | triVertices :          873        1560        1184
 Triangle 'numero' :          324  | triVertices :          874        1185        1561
 Triangle 'numero' :          325  | triVertices :          660        1535         764
 Triangle 'numero' :          326  | triVertices :          661         765        1536
 Triangle 'numero' :          327  | triVertices :          258         880        1448
 Triangle 'numero' :          328  | triVertices :          377        1359         824
 Triangle 'numero' :          329  | triVertices :          617        1293        1051
 Triangle 'numero' :          330  | triVertices :          428        1266         878
 Triangle 'numero' :          331  | triVertices :          140         141         860
 Triangle 'numero' :          332  | triVertices :           41          42         859
 Triangle 'numero' :          333  | triVertices :          323         833         324
 Triangle 'numero' :          334  | triVertices :          536         824         969
 Triangle 'numero' :          335  | triVertices :          605        1569         999
 Triangle 'numero' :          336  | triVertices :          318         974         764
 Triangle 'numero' :          337  | triVertices :          329         765         975
 Triangle 'numero' :          338  | triVertices :          411         873        1468
 Triangle 'numero' :          339  | triVertices :          412        1469         874
 Triangle 'numero' :          340  | triVertices :          535         771        1199
 Triangle 'numero' :          341  | triVertices :          372        1162        1456
 Triangle 'numero' :          342  | triVertices :          419         969         824
 Triangle 'numero' :          343  | triVertices :          514        1176         748
 Triangle 'numero' :          344  | triVertices :          513         747        1175
 Triangle 'numero' :          345  | triVertices :          607         999         987
 Triangle 'numero' :          346  | triVertices :          474        1498         940
 Triangle 'numero' :          347  | triVertices :          475         941        1499
 Triangle 'numero' :          348  | triVertices :           62        1019         743
 Triangle 'numero' :          349  | triVertices :          354         854        1102
 Triangle 'numero' :          350  | triVertices :          392        1027        1255
 Triangle 'numero' :          351  | triVertices :          568         820        1328
 Triangle 'numero' :          352  | triVertices :          674        1006         772
 Triangle 'numero' :          353  | triVertices :          463         987         999
 Triangle 'numero' :          354  | triVertices :          568        1426         820
 Triangle 'numero' :          355  | triVertices :          483         748        1043
 Triangle 'numero' :          356  | triVertices :          457         797        1471
 Triangle 'numero' :          357  | triVertices :          338        1424        1451
 Triangle 'numero' :          358  | triVertices :          337        1452        1425
 Triangle 'numero' :          359  | triVertices :          466         702        1172
 Triangle 'numero' :          360  | triVertices :          467        1173         703
 Triangle 'numero' :          361  | triVertices :          574        1087         859
 Triangle 'numero' :          362  | triVertices :          495         806         961
 Triangle 'numero' :          363  | triVertices :          496         960         807
 Triangle 'numero' :          364  | triVertices :          171        1132         779
 Triangle 'numero' :          365  | triVertices :          311        1140         312
 Triangle 'numero' :          366  | triVertices :          364         781         966
 Triangle 'numero' :          367  | triVertices :          815        1371        1491
 Triangle 'numero' :          368  | triVertices :          238        1411         889
 Triangle 'numero' :          369  | triVertices :          464        1004         764
 Triangle 'numero' :          370  | triVertices :          465         765        1005
 Triangle 'numero' :          371  | triVertices :          466         787        1122
 Triangle 'numero' :          372  | triVertices :          467        1123         788
 Triangle 'numero' :          373  | triVertices :          702         861        1448
 Triangle 'numero' :          374  | triVertices :           89        1532         830
 Triangle 'numero' :          375  | triVertices :          375         924        1539
 Triangle 'numero' :          376  | triVertices :          376        1540         925
 Triangle 'numero' :          377  | triVertices :          583         824        1359
 Triangle 'numero' :          378  | triVertices :          459         966         781
 Triangle 'numero' :          379  | triVertices :          843        1554        1124
 Triangle 'numero' :          380  | triVertices :          844        1125        1555
 Triangle 'numero' :          381  | triVertices :          631        1177        1258
 Triangle 'numero' :          382  | triVertices :          431        1296         749
 Triangle 'numero' :          383  | triVertices :          380        1032        1262
 Triangle 'numero' :          384  | triVertices :          514         856        1129
 Triangle 'numero' :          385  | triVertices :          513        1128         855
 Triangle 'numero' :          386  | triVertices :          612        1518         926
 Triangle 'numero' :          387  | triVertices :          267         653         268
 Triangle 'numero' :          388  | triVertices :          277         882        1268
 Triangle 'numero' :          389  | triVertices :          565         749        1396
 Triangle 'numero' :          390  | triVertices :          509         823        1151
 Triangle 'numero' :          391  | triVertices :          507         746        1360
 Triangle 'numero' :          392  | triVertices :          561        1162         972
 Triangle 'numero' :          393  | triVertices :          635        1513         892
 Triangle 'numero' :          394  | triVertices :          310        1090         311
 Triangle 'numero' :          395  | triVertices :          484         830         926
 Triangle 'numero' :          396  | triVertices :          570         878        1266
 Triangle 'numero' :          397  | triVertices :          572         924        1307
 Triangle 'numero' :          398  | triVertices :          573        1308         925
 Triangle 'numero' :          399  | triVertices :            9         220        1192
 Triangle 'numero' :          400  | triVertices :          483        1165         748
 Triangle 'numero' :          401  | triVertices :          601        1268         882
 Triangle 'numero' :          402  | triVertices :          515         772        1006
 Triangle 'numero' :          403  | triVertices :          349        1164         747
 Triangle 'numero' :          404  | triVertices :          350         748        1165
 Triangle 'numero' :          405  | triVertices :          212         922         213
 Triangle 'numero' :          406  | triVertices :          140         860        1371
 Triangle 'numero' :          407  | triVertices :           42        1372         859
 Triangle 'numero' :          408  | triVertices :          422         770        1443
 Triangle 'numero' :          409  | triVertices :          423        1442         771
 Triangle 'numero' :          410  | triVertices :          350        1315         870
 Triangle 'numero' :          411  | triVertices :          349         869        1316
 Triangle 'numero' :          412  | triVertices :          191         947         192
 Triangle 'numero' :          413  | triVertices :          195         946         196
 Triangle 'numero' :          414  | triVertices :          304         994         770
 Triangle 'numero' :          415  | triVertices :          315         771         995
 Triangle 'numero' :          416  | triVertices :          346        1137         749
 Triangle 'numero' :          417  | triVertices :          575        1491        1371
 Triangle 'numero' :          418  | triVertices :          507        1140         746
 Triangle 'numero' :          419  | triVertices :          377         824        1260
 Triangle 'numero' :          420  | triVertices :          416         760        1061
 Triangle 'numero' :          421  | triVertices :          660         764        1589
 Triangle 'numero' :          422  | triVertices :          661        1590         765
 Triangle 'numero' :          423  | triVertices :           47          48         892
 Triangle 'numero' :          424  | triVertices :          626        1581         986
 Triangle 'numero' :          425  | triVertices :          627         987        1582
 Triangle 'numero' :          426  | triVertices :           89          90        1532
 Triangle 'numero' :          427  | triVertices :          559        1084         817
 Triangle 'numero' :          428  | triVertices :          575        1371         860
 Triangle 'numero' :          429  | triVertices :          574         859        1372
 Triangle 'numero' :          430  | triVertices :          443        1162         754
 Triangle 'numero' :          431  | triVertices :          442         755        1163
 Triangle 'numero' :          432  | triVertices :          589        1255        1027
 Triangle 'numero' :          433  | triVertices :          263        1048         808
 Triangle 'numero' :          434  | triVertices :          419         824        1377
 Triangle 'numero' :          435  | triVertices :          462        1581        1021
 Triangle 'numero' :          436  | triVertices :          371         755        1408
 Triangle 'numero' :          437  | triVertices :          515        1063         772
 Triangle 'numero' :          438  | triVertices :          516         773        1064
 Triangle 'numero' :          439  | triVertices :          583        1377         824
 Triangle 'numero' :          440  | triVertices :          145        1471         797
 Triangle 'numero' :          441  | triVertices :          433         819        1432
 Triangle 'numero' :          442  | triVertices :          435        1433         820
 Triangle 'numero' :          443  | triVertices :          428        1182         845
 Triangle 'numero' :          444  | triVertices :          653         889        1411
 Triangle 'numero' :          445  | triVertices :          768        1021        1581
 Triangle 'numero' :          446  | triVertices :          528         781        1292
 Triangle 'numero' :          447  | triVertices :          389        1453         766
 Triangle 'numero' :          448  | triVertices :          139        1371         815
 Triangle 'numero' :          449  | triVertices :           89         830        1067
 Triangle 'numero' :          450  | triVertices :          487        1188         797
 Triangle 'numero' :          451  | triVertices :          572        1115         924
 Triangle 'numero' :          452  | triVertices :          573         925        1116
 Triangle 'numero' :          453  | triVertices :          488        1596         755
 Triangle 'numero' :          454  | triVertices :          364        1292         781
 Triangle 'numero' :          455  | triVertices :          156        1328         820
 Triangle 'numero' :          456  | triVertices :           27         983         819
 Triangle 'numero' :          457  | triVertices :          155         820         985
 Triangle 'numero' :          458  | triVertices :          459        1149         868
 Triangle 'numero' :          459  | triVertices :          655        1580         876
 Triangle 'numero' :          460  | triVertices :          431         786        1296
 Triangle 'numero' :          461  | triVertices :          600         833        1474
 Triangle 'numero' :          462  | triVertices :          601        1475         833
 Triangle 'numero' :          463  | triVertices :          435         820        1426
 Triangle 'numero' :          464  | triVertices :          422         924        1115
 Triangle 'numero' :          465  | triVertices :          423        1116         925
 Triangle 'numero' :          466  | triVertices :          423         771        1382
 Triangle 'numero' :          467  | triVertices :          559        1515         783
 Triangle 'numero' :          468  | triVertices :          535        1382         771
 Triangle 'numero' :          469  | triVertices :          479         786        1075
 Triangle 'numero' :          470  | triVertices :          347        1430         760
 Triangle 'numero' :          471  | triVertices :          225        1293         226
 Triangle 'numero' :          472  | triVertices :          323        1474         833
 Triangle 'numero' :          473  | triVertices :          324         833        1475
 Triangle 'numero' :          474  | triVertices :          440        1027        1265
 Triangle 'numero' :          475  | triVertices :          395        1258        1177
 Triangle 'numero' :          476  | triVertices :          536        1260         824
 Triangle 'numero' :          477  | triVertices :          209         806        1611
 Triangle 'numero' :          478  | triVertices :          232        1612         807
 Triangle 'numero' :          479  | triVertices :          372         987        1409
 Triangle 'numero' :          480  | triVertices :          617        1262        1032
 Triangle 'numero' :          481  | triVertices :          401        1463         782
 Triangle 'numero' :          482  | triVertices :          402         783        1464
 Triangle 'numero' :          483  | triVertices :          356        1549         850
 Triangle 'numero' :          484  | triVertices :           27          28         983
 Triangle 'numero' :          485  | triVertices :          154         155         985
 Triangle 'numero' :          486  | triVertices :          749        1137        1592
 Triangle 'numero' :          487  | triVertices :          145         797        1188
 Triangle 'numero' :          488  | triVertices :          132         133        1012
 Triangle 'numero' :          489  | triVertices :          442         849        1000
 Triangle 'numero' :          490  | triVertices :          443        1001         850
 Triangle 'numero' :          491  | triVertices :          779        1132        1306
 Triangle 'numero' :          492  | triVertices :          172         173        1056
 Triangle 'numero' :          493  | triVertices :          425        1491         955
 Triangle 'numero' :          494  | triVertices :          170         779        1183
 Triangle 'numero' :          495  | triVertices :          945        1212        1578
 Triangle 'numero' :          496  | triVertices :          687        1265        1027
 Triangle 'numero' :          497  | triVertices :          573        1425        1308
 Triangle 'numero' :          498  | triVertices :          572        1307        1424
 Triangle 'numero' :          499  | triVertices :          763        1308        1425
 Triangle 'numero' :          500  | triVertices :          762        1424        1307
 Triangle 'numero' :          501  | triVertices :          634        1247        1039
 Triangle 'numero' :          502  | triVertices :          520        1144         859
 Triangle 'numero' :          503  | triVertices :          631        1258         940
 Triangle 'numero' :          504  | triVertices :            7         232         960
 Triangle 'numero' :          505  | triVertices :            7         961         209
 Triangle 'numero' :          506  | triVertices :          342         876        1580
 Triangle 'numero' :          507  | triVertices :          577        1102         854
 Triangle 'numero' :          508  | triVertices :          823        1435        1151
 Triangle 'numero' :          509  | triVertices :          287         799         288
 Triangle 'numero' :          510  | triVertices :          268         798         269
 Triangle 'numero' :          511  | triVertices :           41         859        1144
 Triangle 'numero' :          512  | triVertices :          293        1049         294
 Triangle 'numero' :          513  | triVertices :          262        1048         263
 Triangle 'numero' :          514  | triVertices :          702        1448         880
 Triangle 'numero' :          515  | triVertices :          385        1039        1247
 Triangle 'numero' :          516  | triVertices :          441        1032        1264
 Triangle 'numero' :          517  | triVertices :          440        1265        1033
 Triangle 'numero' :          518  | triVertices :          629         886        1010
 Triangle 'numero' :          519  | triVertices :          614        1111        1483
 Triangle 'numero' :          520  | triVertices :          615        1484        1112
 Triangle 'numero' :          521  | triVertices :          466        1440         787
 Triangle 'numero' :          522  | triVertices :          467         788        1441
 Triangle 'numero' :          523  | triVertices :          737        1158        1549
 Triangle 'numero' :          524  | triVertices :          614        1483        1457
 Triangle 'numero' :          525  | triVertices :          615        1458        1484
 Triangle 'numero' :          526  | triVertices :           88          89        1067
 Triangle 'numero' :          527  | triVertices :          359        1010         886
 Triangle 'numero' :          528  | triVertices :          484        1067         830
 Triangle 'numero' :          529  | triVertices :          354        1231         854
 Triangle 'numero' :          530  | triVertices :          692        1017         894
 Triangle 'numero' :          531  | triVertices :          479        1296         786
 Triangle 'numero' :          532  | triVertices :           74         868        1149
 Triangle 'numero' :          533  | triVertices :           47         892        1513
 Triangle 'numero' :          534  | triVertices :          303         994         304
 Triangle 'numero' :          535  | triVertices :          612        1532        1110
 Triangle 'numero' :          536  | triVertices :          674        1264        1032
 Triangle 'numero' :          537  | triVertices :          675        1033        1265
 Triangle 'numero' :          538  | triVertices :          173         174        1237
 Triangle 'numero' :          539  | triVertices :          145         146        1471
 Triangle 'numero' :          540  | triVertices :          554         868        1332
 Triangle 'numero' :          541  | triVertices :          653        1411         798
 Triangle 'numero' :          542  | triVertices :          278        1600         279
 Triangle 'numero' :          543  | triVertices :           48          49        1240
 Triangle 'numero' :          544  | triVertices :          133         134        1241
 Triangle 'numero' :          545  | triVertices :           75        1332         868
 Triangle 'numero' :          546  | triVertices :          628        1450        1428
 Triangle 'numero' :          547  | triVertices :          819         983        1432
 Triangle 'numero' :          548  | triVertices :          820        1433         985
 Triangle 'numero' :          549  | triVertices :           62          63        1019
 Triangle 'numero' :          550  | triVertices :          520         859        1087
 Triangle 'numero' :          551  | triVertices :          199         915        1383
 Triangle 'numero' :          552  | triVertices :          298         926        1518
 Triangle 'numero' :          553  | triVertices :          599        1383         915
 Triangle 'numero' :          554  | triVertices :          438        1184         802
 Triangle 'numero' :          555  | triVertices :          543        1343         845
 Triangle 'numero' :          556  | triVertices :          343         845        1343
 Triangle 'numero' :          557  | triVertices :          268         653         798
 Triangle 'numero' :          558  | triVertices :          219        1041         220
 Triangle 'numero' :          559  | triVertices :          600        1174         833
 Triangle 'numero' :          560  | triVertices :          419        1377        1306
 Triangle 'numero' :          561  | triVertices :          287         880         799
 Triangle 'numero' :          562  | triVertices :          269         798         879
 Triangle 'numero' :          563  | triVertices :          779        1306        1377
 Triangle 'numero' :          564  | triVertices :          515        1081        1451
 Triangle 'numero' :          565  | triVertices :          516        1452        1082
 Triangle 'numero' :          566  | triVertices :          226        1293         812
 Triangle 'numero' :          567  | triVertices :          425        1502        1491
 Triangle 'numero' :          568  | triVertices :          438        1380         808
 Triangle 'numero' :          569  | triVertices :          748        1176        1043
 Triangle 'numero' :          570  | triVertices :          438         802        1380
 Triangle 'numero' :          571  | triVertices :          515        1451        1369
 Triangle 'numero' :          572  | triVertices :          516        1370        1452
 Triangle 'numero' :          573  | triVertices :          347         822        1564
 Triangle 'numero' :          574  | triVertices :          348        1565         823
 Triangle 'numero' :          575  | triVertices :          628        1428        1135
 Triangle 'numero' :          576  | triVertices :          570        1333         878
 Triangle 'numero' :          577  | triVertices :          118        1297         783
 Triangle 'numero' :          578  | triVertices :          815        1491        1502
 Triangle 'numero' :          579  | triVertices :           28          29        1364
 Triangle 'numero' :          580  | triVertices :          543         845        1182
 Triangle 'numero' :          581  | triVertices :          207        1053         208
 Triangle 'numero' :          582  | triVertices :          104         878        1333
 Triangle 'numero' :          583  | triVertices :          423        1382         805
 Triangle 'numero' :          584  | triVertices :          144         145        1188
 Triangle 'numero' :          585  | triVertices :          461        1595         855
 Triangle 'numero' :          586  | triVertices :          460         856        1594
 Triangle 'numero' :          587  | triVertices :          278        1174        1600
 Triangle 'numero' :          588  | triVertices :          612         830        1532
 Triangle 'numero' :          589  | triVertices :          521        1146         946
 Triangle 'numero' :          590  | triVertices :          770         994        1443
 Triangle 'numero' :          591  | triVertices :          771        1442         995
 Triangle 'numero' :          592  | triVertices :          542        1306        1132
 Triangle 'numero' :          593  | triVertices :          768        1393        1021
 Triangle 'numero' :          594  | triVertices :          619        1241        1534
 Triangle 'numero' :          595  | triVertices :          618        1533        1240
 Triangle 'numero' :          596  | triVertices :          548         854        1231
 Triangle 'numero' :          597  | triVertices :           63          64        1298
 Triangle 'numero' :          598  | triVertices :          118         119        1297
 Triangle 'numero' :          599  | triVertices :          723         946        1146
 Triangle 'numero' :          600  | triVertices :          587        1096        1073
 Triangle 'numero' :          601  | triVertices :          764        1004        1589
 Triangle 'numero' :          602  | triVertices :          765        1590        1005
 Triangle 'numero' :          603  | triVertices :          655        1533        1196
 Triangle 'numero' :          604  | triVertices :          250        1125         251
 Triangle 'numero' :          605  | triVertices :          513         855        1595
 Triangle 'numero' :          606  | triVertices :          514        1594         856
 Triangle 'numero' :          607  | triVertices :          356        1107        1257
 Triangle 'numero' :          608  | triVertices :          435         900        1433
 Triangle 'numero' :          609  | triVertices :          509        1073        1096
 Triangle 'numero' :          610  | triVertices :          594        1335         910
 Triangle 'numero' :          611  | triVertices :          595         911        1336
 Triangle 'numero' :          612  | triVertices :          496         850        1549
 Triangle 'numero' :          613  | triVertices :          373         953        1087
 Triangle 'numero' :          614  | triVertices :          487         870        1315
 Triangle 'numero' :          615  | triVertices :          474         940        1258
 Triangle 'numero' :          616  | triVertices :          475        1259         941
 Triangle 'numero' :          617  | triVertices :          171         172        1132
 Triangle 'numero' :          618  | triVertices :          706        1260        1253
 Triangle 'numero' :          619  | triVertices :          313        1199         314
 Triangle 'numero' :          620  | triVertices :          536        1253        1260
 Triangle 'numero' :          621  | triVertices :          886        1593        1601
 Triangle 'numero' :          622  | triVertices :          461         890        1595
 Triangle 'numero' :          623  | triVertices :          520        1087         953
 Triangle 'numero' :          624  | triVertices :          385        1063        1369
 Triangle 'numero' :          625  | triVertices :          386        1370        1064
 Triangle 'numero' :          626  | triVertices :          556         898        1432
 Triangle 'numero' :          627  | triVertices :          347         907        1430
 Triangle 'numero' :          628  | triVertices :          183         964        1444
 Triangle 'numero' :          629  | triVertices :           40          41        1144
 Triangle 'numero' :          630  | triVertices :          430        1593         886
 Triangle 'numero' :          631  | triVertices :          629        1444         964
 Triangle 'numero' :          632  | triVertices :           28        1364         983
 Triangle 'numero' :          633  | triVertices :          728        1560         873
 Triangle 'numero' :          634  | triVertices :          729         874        1561
 Triangle 'numero' :          635  | triVertices :          812        1538        1585
 Triangle 'numero' :          636  | triVertices :          110         111        1415
 Triangle 'numero' :          637  | triVertices :           71          72        1414
 Triangle 'numero' :          638  | triVertices :          270        1173         271
 Triangle 'numero' :          639  | triVertices :          285        1172         286
 Triangle 'numero' :          640  | triVertices :          346        1114        1522
 Triangle 'numero' :          641  | triVertices :          731        1522        1114
 Triangle 'numero' :          642  | triVertices :           48        1240         892
 Triangle 'numero' :          643  | triVertices :          580        1546        1090
 Triangle 'numero' :          644  | triVertices :          433        1432         898
 Triangle 'numero' :          645  | triVertices :          462         986        1581
 Triangle 'numero' :          646  | triVertices :          463        1582         987
 Triangle 'numero' :          647  | triVertices :          743        1019        1457
 Triangle 'numero' :          648  | triVertices :          423         925        1442
 Triangle 'numero' :          649  | triVertices :          422        1443         924
 Triangle 'numero' :          650  | triVertices :          240        1216         241
 Triangle 'numero' :          651  | triVertices :          110        1415         908
 Triangle 'numero' :          652  | triVertices :           72         909        1414
 Triangle 'numero' :          653  | triVertices :          441        1585        1538
 Triangle 'numero' :          654  | triVertices :          572        1120        1115
 Triangle 'numero' :          655  | triVertices :          573        1116        1121
 Triangle 'numero' :          656  | triVertices :          864        1559        1456
 Triangle 'numero' :          657  | triVertices :          576         908        1415
 Triangle 'numero' :          658  | triVertices :          577        1414         909
 Triangle 'numero' :          659  | triVertices :          582        1442         925
 Triangle 'numero' :          660  | triVertices :          230        1320         231
 Triangle 'numero' :          661  | triVertices :          581         924        1443
 Triangle 'numero' :          662  | triVertices :          580        1428        1546
 Triangle 'numero' :          663  | triVertices :          372        1456        1559
 Triangle 'numero' :          664  | triVertices :          596        1601        1593
 Triangle 'numero' :          665  | triVertices :          359        1601         898
 Triangle 'numero' :          666  | triVertices :          596         898        1601
 Triangle 'numero' :          667  | triVertices :          521         978        1257
 Triangle 'numero' :          668  | triVertices :          577         854        1246
 Triangle 'numero' :          669  | triVertices :          548        1350         854
 Triangle 'numero' :          670  | triVertices :          277        1268         278
 Triangle 'numero' :          671  | triVertices :          463         999        1569
 Triangle 'numero' :          672  | triVertices :          359         886        1601
 Triangle 'numero' :          673  | triVertices :          347        1564         910
 Triangle 'numero' :          674  | triVertices :          348         911        1565
 Triangle 'numero' :          675  | triVertices :           72          73        1571
 Triangle 'numero' :          676  | triVertices :          109         110        1570
 Triangle 'numero' :          677  | triVertices :          450        1378        1197
 Triangle 'numero' :          678  | triVertices :          451        1198        1379
 Triangle 'numero' :          679  | triVertices :           75          76        1332
 Triangle 'numero' :          680  | triVertices :          594         910        1564
 Triangle 'numero' :          681  | triVertices :          595        1565         911
 Triangle 'numero' :          682  | triVertices :          565         900        1520
 Triangle 'numero' :          683  | triVertices :          395        1177        1311
 Triangle 'numero' :          684  | triVertices :          435        1520         900
 Triangle 'numero' :          685  | triVertices :           12         239        1329
 Triangle 'numero' :          686  | triVertices :          110         908        1570
 Triangle 'numero' :          687  | triVertices :           72        1571         909
 Triangle 'numero' :          688  | triVertices :          139         140        1371
 Triangle 'numero' :          689  | triVertices :          303        1446         994
 Triangle 'numero' :          690  | triVertices :          559        1314        1084
 Triangle 'numero' :          691  | triVertices :          542        1132        1056
 Triangle 'numero' :          692  | triVertices :          634        1012        1247
 Triangle 'numero' :          693  | triVertices :          172        1056        1132
 Triangle 'numero' :          694  | triVertices :          556         983        1364
 Triangle 'numero' :          695  | triVertices :          575         955        1491
 Triangle 'numero' :          696  | triVertices :          639        1035        1255
 Triangle 'numero' :          697  | triVertices :          231        1320         972
 Triangle 'numero' :          698  | triVertices :          401        1205        1111
 Triangle 'numero' :          699  | triVertices :          822        1434        1564
 Triangle 'numero' :          700  | triVertices :          823        1565        1435
 Triangle 'numero' :          701  | triVertices :          589        1194        1255
 Triangle 'numero' :          702  | triVertices :          639        1255        1194
 Triangle 'numero' :          703  | triVertices :          298        1518         299
 Triangle 'numero' :          704  | triVertices :          183        1444         184
 Triangle 'numero' :          705  | triVertices :          594        1564        1434
 Triangle 'numero' :          706  | triVertices :          595        1435        1565
 Triangle 'numero' :          707  | triVertices :          322        1474         323
 Triangle 'numero' :          708  | triVertices :          237        1411         238
 Triangle 'numero' :          709  | triVertices :          356        1257         978
 Triangle 'numero' :          710  | triVertices :          278        1268        1174
 Triangle 'numero' :          711  | triVertices :          581         994        1446
 Triangle 'numero' :          712  | triVertices :          286        1172         702
 Triangle 'numero' :          713  | triVertices :          270         703        1173
 Triangle 'numero' :          714  | triVertices :          392        1255        1035
 Triangle 'numero' :          715  | triVertices :          319        1535         320
 Triangle 'numero' :          716  | triVertices :          327        1536         328
 Triangle 'numero' :          717  | triVertices :          739        1570         908
 Triangle 'numero' :          718  | triVertices :          740         909        1571
 Triangle 'numero' :          719  | triVertices :          231        1612         232
 Triangle 'numero' :          720  | triVertices :          364        1342        1292
 Triangle 'numero' :          721  | triVertices :          728        1341        1291
 Triangle 'numero' :          722  | triVertices :          729        1292        1342
 Triangle 'numero' :          723  | triVertices :          373        1393         953
 Triangle 'numero' :          724  | triVertices :          561        1456        1162
 Triangle 'numero' :          725  | triVertices :            9        1192        1215
 Triangle 'numero' :          726  | triVertices :          450        1554         843
 Triangle 'numero' :          727  | triVertices :          451         844        1555
 Triangle 'numero' :          728  | triVertices :          629        1010        1508
 Triangle 'numero' :          729  | triVertices :          619        1247        1012
 Triangle 'numero' :          730  | triVertices :          700        1387        1266
 Triangle 'numero' :          731  | triVertices :          587        1073        1321
 Triangle 'numero' :          732  | triVertices :          570        1266        1387
 Triangle 'numero' :          733  | triVertices :          543        1182        1341
 Triangle 'numero' :          734  | triVertices :          543        1351        1343
 Triangle 'numero' :          735  | triVertices :          561         972        1320
 Triangle 'numero' :          736  | triVertices :          581        1539         924
 Triangle 'numero' :          737  | triVertices :          582         925        1540
 Triangle 'numero' :          738  | triVertices :          666        1490        1348
 Triangle 'numero' :          739  | triVertices :          332        1321        1073
 Triangle 'numero' :          740  | triVertices :          626        1596        1046
 Triangle 'numero' :          741  | triVertices :          706        1242        1260
 Triangle 'numero' :          742  | triVertices :          377        1260        1242
 Triangle 'numero' :          743  | triVertices :          626        1046        1505
 Triangle 'numero' :          744  | triVertices :          605         955        1609
 Triangle 'numero' :          745  | triVertices :          576        1101        1399
 Triangle 'numero' :          746  | triVertices :          577        1400        1102
 Triangle 'numero' :          747  | triVertices :          385        1247        1195
 Triangle 'numero' :          748  | triVertices :          386        1196        1248
 Triangle 'numero' :          749  | triVertices :          382        1004        1335
 Triangle 'numero' :          750  | triVertices :          383        1336        1005
 Triangle 'numero' :          751  | triVertices :          373         954        1608
 Triangle 'numero' :          752  | triVertices :          374        1609         955
 Triangle 'numero' :          753  | triVertices :          628        1215        1192
 Triangle 'numero' :          754  | triVertices :          854        1350        1246
 Triangle 'numero' :          755  | triVertices :          607        1547         999
 Triangle 'numero' :          756  | triVertices :          612        1110        1236
 Triangle 'numero' :          757  | triVertices :          408        1428        1450
 Triangle 'numero' :          758  | triVertices :          352        1084        1348
 Triangle 'numero' :          759  | triVertices :          617        1032        1538
 Triangle 'numero' :          760  | triVertices :          619        1195        1247
 Triangle 'numero' :          761  | triVertices :          618        1248        1196
 Triangle 'numero' :          762  | triVertices :          339         999        1547
 Triangle 'numero' :          763  | triVertices :          668        1197        1378
 Triangle 'numero' :          764  | triVertices :          669        1379        1198
 Triangle 'numero' :          765  | triVertices :          556        1432         983
 Triangle 'numero' :          766  | triVertices :          372        1559         987
 Triangle 'numero' :          767  | triVertices :          441        1538        1032
 Triangle 'numero' :          768  | triVertices :          354        1102        1368
 Triangle 'numero' :          769  | triVertices :          668        1367        1197
 Triangle 'numero' :          770  | triVertices :          669        1198        1368
 Triangle 'numero' :          771  | triVertices :          656        1311        1177
 Triangle 'numero' :          772  | triVertices :          607         987        1559
 Triangle 'numero' :          773  | triVertices :          581        1443         994
 Triangle 'numero' :          774  | triVertices :          231         972        1612
 Triangle 'numero' :          775  | triVertices :          593        1084        1314
 Triangle 'numero' :          776  | triVertices :          806         971        1611
 Triangle 'numero' :          777  | triVertices :          807        1612         972
 Triangle 'numero' :          778  | triVertices :          614        1457        1019
 Triangle 'numero' :          779  | triVertices :          615        1020        1458
 Triangle 'numero' :          780  | triVertices :          373        1021        1393
 Triangle 'numero' :          781  | triVertices :          593        1348        1084
 Triangle 'numero' :          782  | triVertices :          474        1258        1130
 Triangle 'numero' :          783  | triVertices :          475        1131        1259
 Triangle 'numero' :          784  | triVertices :          515        1369        1063
 Triangle 'numero' :          785  | triVertices :          516        1064        1370
 Triangle 'numero' :          786  | triVertices :          354        1368        1198
 Triangle 'numero' :          787  | triVertices :          389        1213        1453
 Triangle 'numero' :          788  | triVertices :          628        1135        1467
 Triangle 'numero' :          789  | triVertices :          592        1436        1313
 Triangle 'numero' :          790  | triVertices :          593        1314        1437
 Triangle 'numero' :          791  | triVertices :          704        1587        1164
 Triangle 'numero' :          792  | triVertices :          488        1046        1596
 Triangle 'numero' :          793  | triVertices :          401        1313        1436
 Triangle 'numero' :          794  | triVertices :          402        1437        1314
 Triangle 'numero' :          795  | triVertices :          416        1457        1483
 Triangle 'numero' :          796  | triVertices :          415        1484        1458
 Triangle 'numero' :          797  | triVertices :          395        1130        1258
 Triangle 'numero' :          798  | triVertices :          396        1259        1131
 Triangle 'numero' :          799  | triVertices :          760        1430        1061
 Triangle 'numero' :          800  | triVertices :          382        1589        1004
 Triangle 'numero' :          801  | triVertices :          383        1005        1590
 Triangle 'numero' :          802  | triVertices :          521        1257        1496
 Triangle 'numero' :          803  | triVertices :          408        1360        1546
 Triangle 'numero' :          804  | triVertices :          572        1424        1120
 Triangle 'numero' :          805  | triVertices :          573        1121        1425
 Triangle 'numero' :          806  | triVertices :          462        1021        1568
 Triangle 'numero' :          807  | triVertices :          528        1292        1561
 Triangle 'numero' :          808  | triVertices :          610        1399        1101
 Triangle 'numero' :          809  | triVertices :          728        1291        1560
 Triangle 'numero' :          810  | triVertices :          729        1561        1292
 Triangle 'numero' :          811  | triVertices :          440        1586        1027
 Triangle 'numero' :          812  | triVertices :          533        1578        1212
 Triangle 'numero' :          813  | triVertices :          587        1484        1096
 Triangle 'numero' :          814  | triVertices :          589        1027        1586
 Triangle 'numero' :          815  | triVertices :          628        1467        1215
 Triangle 'numero' :          816  | triVertices :          373        1608        1021
 Triangle 'numero' :          817  | triVertices :          610        1101        1367
 Triangle 'numero' :          818  | triVertices :          626        1408        1596
 Triangle 'numero' :          819  | triVertices :          338        1451        1081
 Triangle 'numero' :          820  | triVertices :          337        1082        1452
 Triangle 'numero' :          821  | triVertices :          782        1463        1298
 Triangle 'numero' :          822  | triVertices :          783        1297        1464
 Triangle 'numero' :          823  | triVertices :          638        1469        1356
 Triangle 'numero' :          824  | triVertices :          615        1464        1297
 Triangle 'numero' :          825  | triVertices :          614        1298        1463
 Triangle 'numero' :          826  | triVertices :          338        1120        1424
 Triangle 'numero' :          827  | triVertices :          337        1425        1121
 Triangle 'numero' :          828  | triVertices :          415        1096        1484
 Triangle 'numero' :          829  | triVertices :          416        1483        1095
 Triangle 'numero' :          830  | triVertices :          746        1546        1360
 Triangle 'numero' :          831  | triVertices :          479        1396        1296
 Triangle 'numero' :          832  | triVertices :          401        1436        1205
 Triangle 'numero' :          833  | triVertices :          733        1450        1192
 Triangle 'numero' :          834  | triVertices :          592        1311        1436
 Triangle 'numero' :          835  | triVertices :          593        1437        1312
 Triangle 'numero' :          836  | triVertices :          749        1296        1396
 Triangle 'numero' :          837  | triVertices :          532        1122        1498
 Triangle 'numero' :          838  | triVertices :          534        1499        1123
 Triangle 'numero' :          839  | triVertices :          533        1131        1578
 Triangle 'numero' :          840  | triVertices :          401        1111        1463
 Triangle 'numero' :          841  | triVertices :          402        1464        1112
 Triangle 'numero' :          842  | triVertices :          583        1183        1377
 Triangle 'numero' :          843  | triVertices :          779        1377        1183
 Triangle 'numero' :          844  | triVertices :          641        1369        1451
 Triangle 'numero' :          845  | triVertices :          642        1452        1370
 Triangle 'numero' :          846  | triVertices :          610        1542        1399
 Triangle 'numero' :          847  | triVertices :          628        1192        1450
 Triangle 'numero' :          848  | triVertices :          626        1505        1581
 Triangle 'numero' :          849  | triVertices :          587        1112        1484
 Triangle 'numero' :          850  | triVertices :          474        1130        1577
 Triangle 'numero' :          851  | triVertices :          475        1578        1131
 Triangle 'numero' :          852  | triVertices :          404        1399        1542
 Triangle 'numero' :          853  | triVertices :          768        1581        1505
 Triangle 'numero' :          854  | triVertices :          746        1090        1546
 Triangle 'numero' :          855  | triVertices :          521        1496        1146
 Triangle 'numero' :          856  | triVertices :          629        1508        1444
 Triangle 'numero' :          857  | triVertices :          580        1135        1428
 Triangle 'numero' :          858  | triVertices :          614        1463        1111
 Triangle 'numero' :          859  | triVertices :          615        1112        1464
 Triangle 'numero' :          860  | triVertices :          565        1520        1114
 Triangle 'numero' :          861  | triVertices :          656        1205        1436
 Triangle 'numero' :          862  | triVertices :          656        1436        1311
 Triangle 'numero' :          863  | triVertices :          466        1172        1440
 Triangle 'numero' :          864  | triVertices :          467        1441        1173
 Triangle 'numero' :          865  | triVertices :          299        1518        1236
 Triangle 'numero' :          866  | triVertices :          577        1246        1414
 Triangle 'numero' :          867  | triVertices :          812        1293        1538
 Triangle 'numero' :          868  | triVertices :          474        1577         944
 Triangle 'numero' :          869  | triVertices :          475         945        1578
 Triangle 'numero' :          870  | triVertices :          610        1404        1542
 Triangle 'numero' :          871  | triVertices :          618        1196        1533
 Triangle 'numero' :          872  | triVertices :          619        1534        1195
 Triangle 'numero' :          873  | triVertices :          612        1236        1518
 Triangle 'numero' :          874  | triVertices :          617        1538        1293
 Triangle 'numero' :          875  | triVertices :          408        1546        1428
 Triangle 'numero' :          876  | triVertices :          271        1173        1441
 Triangle 'numero' :          877  | triVertices :          755        1596        1408
 Triangle 'numero' :          878  | triVertices :         1021        1608        1568
 Triangle 'numero' :          879  | triVertices :          666        1390        1490
 Triangle 'numero' :          880  | triVertices :          605        1609        1569
