 !!!! -------- Info tris  -------- !!!!

 Il y a          146  triangles pour le proc            8

 Triangle 'numero' :            1  | triVertices :          511         546        1124
 Triangle 'numero' :            2  | triVertices :          546        1324        1124
 Triangle 'numero' :            3  | triVertices :          475         534         945
 Triangle 'numero' :            4  | triVertices :          387        1223         578
 Triangle 'numero' :            5  | triVertices :          546        1221         852
 Triangle 'numero' :            6  | triVertices :          533        1212         852
 Triangle 'numero' :            7  | triVertices :          387         578         933
 Triangle 'numero' :            8  | triVertices :          467         862         534
 Triangle 'numero' :            9  | triVertices :          590        1251        1197
 Triangle 'numero' :           10  | triVertices :          353         590        1197
 Triangle 'numero' :           11  | triVertices :          559         783        1314
 Triangle 'numero' :           12  | triVertices :          533         852        1390
 Triangle 'numero' :           13  | triVertices :          236         798         237
 Triangle 'numero' :           14  | triVertices :          552         578        1223
 Triangle 'numero' :           15  | triVertices :          546         852        1324
 Triangle 'numero' :           16  | triVertices :          270         879         703
 Triangle 'numero' :           17  | triVertices :          534        1286         945
 Triangle 'numero' :           18  | triVertices :          467         703         862
 Triangle 'numero' :           19  | triVertices :          666        1131        1390
 Triangle 'numero' :           20  | triVertices :          450        1197        1251
 Triangle 'numero' :           21  | triVertices :          533        1390        1131
 Triangle 'numero' :           22  | triVertices :          578        1221         933
 Triangle 'numero' :           23  | triVertices :          453         852        1221
 Triangle 'numero' :           24  | triVertices :          511         933         546
 Triangle 'numero' :           25  | triVertices :          552        1233         578
 Triangle 'numero' :           26  | triVertices :          546         933        1221
 Triangle 'numero' :           27  | triVertices :         1598         114         775
 Triangle 'numero' :           28  | triVertices :          242         843        1124
 Triangle 'numero' :           29  | triVertices :          593         666        1348
 Triangle 'numero' :           30  | triVertices :          576        1399         908
 Triangle 'numero' :           31  | triVertices :          235         879         236
 Triangle 'numero' :           32  | triVertices :          450         843        1378
 Triangle 'numero' :           33  | triVertices :          244        1324         852
 Triangle 'numero' :           34  | triVertices :          245         852        1212
 Triangle 'numero' :           35  | triVertices :          534         862        1286
 Triangle 'numero' :           36  | triVertices :          118         783        1515
 Triangle 'numero' :           37  | triVertices :          236         879         798
 Triangle 'numero' :           38  | triVertices :          453        1390         852
 Triangle 'numero' :           39  | triVertices :          233         862         234
 Triangle 'numero' :           40  | triVertices :          387        1210         775
 Triangle 'numero' :           41  | triVertices :          237         798        1411
 Triangle 'numero' :           42  | triVertices :          610        1367         668
 Triangle 'numero' :           43  | triVertices :          353        1230         590
 Triangle 'numero' :           44  | triVertices :          233        1286         862
 Triangle 'numero' :           45  | triVertices :          113         114        1598
 Triangle 'numero' :           46  | triVertices :          269         879         270
 Triangle 'numero' :           47  | triVertices :          238         889         239
 Triangle 'numero' :           48  | triVertices :          117         118        1515
 Triangle 'numero' :           49  | triVertices :          244         852         245
 Triangle 'numero' :           50  | triVertices :          241         843         242
 Triangle 'numero' :           51  | triVertices :          246        1212         945
 Triangle 'numero' :           52  | triVertices :          352         817        1084
 Triangle 'numero' :           53  | triVertices :          234         862        1449
 Triangle 'numero' :           54  | triVertices :          235        1449         879
 Triangle 'numero' :           55  | triVertices :           11         945        1286
 Triangle 'numero' :           56  | triVertices :          353        1101         853
 Triangle 'numero' :           57  | triVertices :          547         775        1210
 Triangle 'numero' :           58  | triVertices :          387         775        1223
 Triangle 'numero' :           59  | triVertices :          467        1173         703
 Triangle 'numero' :           60  | triVertices :          238        1411         889
 Triangle 'numero' :           61  | triVertices :          703        1449         862
 Triangle 'numero' :           62  | triVertices :          843        1554        1124
 Triangle 'numero' :           63  | triVertices :          243        1124        1324
 Triangle 'numero' :           64  | triVertices :          387        1346        1210
 Triangle 'numero' :           65  | triVertices :          559        1084         817
 Triangle 'numero' :           66  | triVertices :           11         246         945
 Triangle 'numero' :           67  | triVertices :          113        1598        1349
 Triangle 'numero' :           68  | triVertices :          352        1233         817
 Triangle 'numero' :           69  | triVertices :          112         113        1349
 Triangle 'numero' :           70  | triVertices :          559        1515         783
 Triangle 'numero' :           71  | triVertices :          116         117        1339
 Triangle 'numero' :           72  | triVertices :          590        1210        1346
 Triangle 'numero' :           73  | triVertices :          945        1212        1578
 Triangle 'numero' :           74  | triVertices :          576         853        1101
 Triangle 'numero' :           75  | triVertices :          117        1515        1339
 Triangle 'numero' :           76  | triVertices :          268         798         269
 Triangle 'numero' :           77  | triVertices :          703         879        1449
 Triangle 'numero' :           78  | triVertices :          547        1598         775
 Triangle 'numero' :           79  | triVertices :          353         853        1230
 Triangle 'numero' :           80  | triVertices :          552         817        1233
 Triangle 'numero' :           81  | triVertices :          115         116        1281
 Triangle 'numero' :           82  | triVertices :          269         798         879
 Triangle 'numero' :           83  | triVertices :          111         112        1245
 Triangle 'numero' :           84  | triVertices :          114        1224         775
 Triangle 'numero' :           85  | triVertices :          116        1339        1281
 Triangle 'numero' :           86  | triVertices :          387         933        1346
 Triangle 'numero' :           87  | triVertices :          547        1230         853
 Triangle 'numero' :           88  | triVertices :          242        1124         243
 Triangle 'numero' :           89  | triVertices :          114         115        1224
 Triangle 'numero' :           90  | triVertices :          552        1281         817
 Triangle 'numero' :           91  | triVertices :          590        1230        1210
 Triangle 'numero' :           92  | triVertices :          352        1348        1490
 Triangle 'numero' :           93  | triVertices :          110         111        1415
 Triangle 'numero' :           94  | triVertices :          245        1212         246
 Triangle 'numero' :           95  | triVertices :          110        1415         908
 Triangle 'numero' :           96  | triVertices :          576         908        1415
 Triangle 'numero' :           97  | triVertices :          112        1349        1245
 Triangle 'numero' :           98  | triVertices :          559         817        1339
 Triangle 'numero' :           99  | triVertices :          576        1245         853
 Triangle 'numero' :          100  | triVertices :          547         853        1349
 Triangle 'numero' :          101  | triVertices :           11        1286         233
 Triangle 'numero' :          102  | triVertices :          450        1378        1197
 Triangle 'numero' :          103  | triVertices :          552        1224        1281
 Triangle 'numero' :          104  | triVertices :          453        1221        1167
 Triangle 'numero' :          105  | triVertices :          559        1314        1084
 Triangle 'numero' :          106  | triVertices :          243        1324         244
 Triangle 'numero' :          107  | triVertices :          817        1281        1339
 Triangle 'numero' :          108  | triVertices :          115        1281        1224
 Triangle 'numero' :          109  | triVertices :          775        1224        1223
 Triangle 'numero' :          110  | triVertices :          578        1233        1167
 Triangle 'numero' :          111  | triVertices :          237        1411         238
 Triangle 'numero' :          112  | triVertices :          270         703        1173
 Triangle 'numero' :          113  | triVertices :          511        1346         933
 Triangle 'numero' :          114  | triVertices :          352        1490        1167
 Triangle 'numero' :          115  | triVertices :          450        1554         843
 Triangle 'numero' :          116  | triVertices :          234        1449         235
 Triangle 'numero' :          117  | triVertices :          547        1210        1230
 Triangle 'numero' :          118  | triVertices :          666        1490        1348
 Triangle 'numero' :          119  | triVertices :          352        1167        1233
 Triangle 'numero' :          120  | triVertices :          576        1101        1399
 Triangle 'numero' :          121  | triVertices :          853        1245        1349
 Triangle 'numero' :          122  | triVertices :          352        1084        1348
 Triangle 'numero' :          123  | triVertices :          668        1197        1378
 Triangle 'numero' :          124  | triVertices :          578        1167        1221
 Triangle 'numero' :          125  | triVertices :          353        1367        1101
 Triangle 'numero' :          126  | triVertices :          668        1367        1197
 Triangle 'numero' :          127  | triVertices :          511        1124        1554
 Triangle 'numero' :          128  | triVertices :          593        1348        1084
 Triangle 'numero' :          129  | triVertices :          552        1223        1224
 Triangle 'numero' :          130  | triVertices :          353        1197        1367
 Triangle 'numero' :          131  | triVertices :          547        1349        1598
 Triangle 'numero' :          132  | triVertices :          559        1339        1515
 Triangle 'numero' :          133  | triVertices :          610        1399        1101
 Triangle 'numero' :          134  | triVertices :          533        1578        1212
 Triangle 'numero' :          135  | triVertices :          610        1101        1367
 Triangle 'numero' :          136  | triVertices :          533        1131        1578
 Triangle 'numero' :          137  | triVertices :          511        1251        1346
 Triangle 'numero' :          138  | triVertices :          453        1167        1490
 Triangle 'numero' :          139  | triVertices :          450        1251        1554
 Triangle 'numero' :          140  | triVertices :          576        1415        1245
 Triangle 'numero' :          141  | triVertices :          475         945        1578
 Triangle 'numero' :          142  | triVertices :          590        1346        1251
 Triangle 'numero' :          143  | triVertices :          111        1245        1415
 Triangle 'numero' :          144  | triVertices :          511        1554        1251
 Triangle 'numero' :          145  | triVertices :          453        1490        1390
 Triangle 'numero' :          146  | triVertices :          666        1390        1490
