 !!!! -------- Info tris  -------- !!!!

 Il y a          146  triangles pour le proc            7

 Triangle 'numero' :            1  | triVertices :          469         653        1375
 Triangle 'numero' :            2  | triVertices :          480         538         958
 Triangle 'numero' :            3  | triVertices :          458         643         780
 Triangle 'numero' :            4  | triVertices :          333        1184        1097
 Triangle 'numero' :            5  | triVertices :          333         802        1184
 Triangle 'numero' :            6  | triVertices :          538        1216         958
 Triangle 'numero' :            7  | triVertices :          538         843        1216
 Triangle 'numero' :            8  | triVertices :          363         834         965
 Triangle 'numero' :            9  | triVertices :          930        1002         366
 Triangle 'numero' :           10  | triVertices :          553         965         834
 Triangle 'numero' :           11  | triVertices :          680        1002         930
 Triangle 'numero' :           12  | triVertices :         1375         653         267
 Triangle 'numero' :           13  | triVertices :          538        1378         843
 Triangle 'numero' :           14  | triVertices :          480         958         539
 Triangle 'numero' :           15  | triVertices :          458        1103         643
 Triangle 'numero' :           16  | triVertices :          366         800         930
 Triangle 'numero' :           17  | triVertices :          264         808        1179
 Triangle 'numero' :           18  | triVertices :          668        1378        1168
 Triangle 'numero' :           19  | triVertices :          403        1404         668
 Triangle 'numero' :           20  | triVertices :          263         808         264
 Triangle 'numero' :           21  | triVertices :          105         106         759
 Triangle 'numero' :           22  | triVertices :          553         834         759
 Triangle 'numero' :           23  | triVertices :          428         759         834
 Triangle 'numero' :           24  | triVertices :          333        1273         680
 Triangle 'numero' :           25  | triVertices :          538        1168        1378
 Triangle 'numero' :           26  | triVertices :          469         539         889
 Triangle 'numero' :           27  | triVertices :          404         739         908
 Triangle 'numero' :           28  | triVertices :          610         668        1404
 Triangle 'numero' :           29  | triVertices :          539         958        1329
 Triangle 'numero' :           30  | triVertices :          403         668        1168
 Triangle 'numero' :           31  | triVertices :          438         808        1048
 Triangle 'numero' :           32  | triVertices :          523         930         800
 Triangle 'numero' :           33  | triVertices :          105         759         878
 Triangle 'numero' :           34  | triVertices :          480        1168         538
 Triangle 'numero' :           35  | triVertices :          106        1331         759
 Triangle 'numero' :           36  | triVertices :          333         690        1273
 Triangle 'numero' :           37  | triVertices :          523         802         930
 Triangle 'numero' :           38  | triVertices :          428         878         759
 Triangle 'numero' :           39  | triVertices :          363        1182         834
 Triangle 'numero' :           40  | triVertices :          241        1216         843
 Triangle 'numero' :           41  | triVertices :          404         908        1399
 Triangle 'numero' :           42  | triVertices :          458         965         867
 Triangle 'numero' :           43  | triVertices :          523        1179         808
 Triangle 'numero' :           44  | triVertices :          333         680        1397
 Triangle 'numero' :           45  | triVertices :          480         539        1615
 Triangle 'numero' :           46  | triVertices :          363        1341        1182
 Triangle 'numero' :           47  | triVertices :          553         867         965
 Triangle 'numero' :           48  | triVertices :          553         759        1331
 Triangle 'numero' :           49  | triVertices :          543        1341         728
 Triangle 'numero' :           50  | triVertices :          469         889         653
 Triangle 'numero' :           51  | triVertices :          643        1097         780
 Triangle 'numero' :           52  | triVertices :          527         780        1097
 Triangle 'numero' :           53  | triVertices :          438         873        1184
 Triangle 'numero' :           54  | triVertices :          458        1148         739
 Triangle 'numero' :           55  | triVertices :          539        1329         889
 Triangle 'numero' :           56  | triVertices :          428         845        1266
 Triangle 'numero' :           57  | triVertices :          458         739        1103
 Triangle 'numero' :           58  | triVertices :          239         889        1329
 Triangle 'numero' :           59  | triVertices :          240         958        1216
 Triangle 'numero' :           60  | triVertices :          107         108         867
 Triangle 'numero' :           61  | triVertices :          873        1560        1184
 Triangle 'numero' :           62  | triVertices :          469        1303         539
 Triangle 'numero' :           63  | triVertices :          404        1103         739
 Triangle 'numero' :           64  | triVertices :          428        1266         878
 Triangle 'numero' :           65  | triVertices :          802        1397         930
 Triangle 'numero' :           66  | triVertices :          109        1570        1148
 Triangle 'numero' :           67  | triVertices :           12        1329         958
 Triangle 'numero' :           68  | triVertices :          363         965         780
 Triangle 'numero' :           69  | triVertices :          458         780         965
 Triangle 'numero' :           70  | triVertices :          527        1097        1184
 Triangle 'numero' :           71  | triVertices :          267         653         268
 Triangle 'numero' :           72  | triVertices :          333        1465         690
 Triangle 'numero' :           73  | triVertices :          366         996         800
 Triangle 'numero' :           74  | triVertices :          739        1148        1570
 Triangle 'numero' :           75  | triVertices :          480        1615        1002
 Triangle 'numero' :           76  | triVertices :          263        1048         808
 Triangle 'numero' :           77  | triVertices :          428         834        1182
 Triangle 'numero' :           78  | triVertices :          428        1182         845
 Triangle 'numero' :           79  | triVertices :          653         889        1411
 Triangle 'numero' :           80  | triVertices :          527        1291         780
 Triangle 'numero' :           81  | triVertices :           12         958         240
 Triangle 'numero' :           82  | triVertices :          363         780        1291
 Triangle 'numero' :           83  | triVertices :          458         867        1148
 Triangle 'numero' :           84  | triVertices :          108         109        1148
 Triangle 'numero' :           85  | triVertices :          680        1273        1317
 Triangle 'numero' :           86  | triVertices :          262        1048         263
 Triangle 'numero' :           87  | triVertices :          108        1148         867
 Triangle 'numero' :           88  | triVertices :          265        1179         800
 Triangle 'numero' :           89  | triVertices :          553        1331         867
 Triangle 'numero' :           90  | triVertices :          653        1411         798
 Triangle 'numero' :           91  | triVertices :          333        1397         802
 Triangle 'numero' :           92  | triVertices :          107         867        1331
 Triangle 'numero' :           93  | triVertices :          523         800        1179
 Triangle 'numero' :           94  | triVertices :          523         808        1380
 Triangle 'numero' :           95  | triVertices :          523        1380         802
 Triangle 'numero' :           96  | triVertices :          403        1317        1273
 Triangle 'numero' :           97  | triVertices :          438        1184         802
 Triangle 'numero' :           98  | triVertices :          268         653         798
 Triangle 'numero' :           99  | triVertices :          438        1380         808
 Triangle 'numero' :          100  | triVertices :          438         802        1380
 Triangle 'numero' :          101  | triVertices :          543         845        1182
 Triangle 'numero' :          102  | triVertices :          680        1317        1002
 Triangle 'numero' :          103  | triVertices :          264        1179         265
 Triangle 'numero' :          104  | triVertices :          265         800        1574
 Triangle 'numero' :          105  | triVertices :          728        1560         873
 Triangle 'numero' :          106  | triVertices :          266        1375         267
 Triangle 'numero' :          107  | triVertices :          240        1216         241
 Triangle 'numero' :          108  | triVertices :          480        1002        1317
 Triangle 'numero' :          109  | triVertices :          109         110        1570
 Triangle 'numero' :          110  | triVertices :          106         107        1331
 Triangle 'numero' :          111  | triVertices :           12         239        1329
 Triangle 'numero' :          112  | triVertices :          265        1574         266
 Triangle 'numero' :          113  | triVertices :          110         908        1570
 Triangle 'numero' :          114  | triVertices :          404        1357        1103
 Triangle 'numero' :          115  | triVertices :          469         996        1303
 Triangle 'numero' :          116  | triVertices :          739        1570         908
 Triangle 'numero' :          117  | triVertices :          363        1291        1341
 Triangle 'numero' :          118  | triVertices :          728        1341        1291
 Triangle 'numero' :          119  | triVertices :          643        1103        1357
 Triangle 'numero' :          120  | triVertices :          680         930        1397
 Triangle 'numero' :          121  | triVertices :          366        1303         996
 Triangle 'numero' :          122  | triVertices :          469        1375         996
 Triangle 'numero' :          123  | triVertices :          543        1182        1341
 Triangle 'numero' :          124  | triVertices :          527        1184        1560
 Triangle 'numero' :          125  | triVertices :          403        1273        1404
 Triangle 'numero' :          126  | triVertices :          333        1097        1465
 Triangle 'numero' :          127  | triVertices :          643        1465        1097
 Triangle 'numero' :          128  | triVertices :          527        1560        1291
 Triangle 'numero' :          129  | triVertices :          728        1291        1560
 Triangle 'numero' :          130  | triVertices :          480        1317        1168
 Triangle 'numero' :          131  | triVertices :          366        1002        1615
 Triangle 'numero' :          132  | triVertices :          690        1404        1273
 Triangle 'numero' :          133  | triVertices :          610        1542        1399
 Triangle 'numero' :          134  | triVertices :          403        1168        1317
 Triangle 'numero' :          135  | triVertices :          404        1399        1542
 Triangle 'numero' :          136  | triVertices :          800         996        1574
 Triangle 'numero' :          137  | triVertices :          996        1375        1574
 Triangle 'numero' :          138  | triVertices :          610        1404        1542
 Triangle 'numero' :          139  | triVertices :          690        1465        1357
 Triangle 'numero' :          140  | triVertices :          404        1542        1357
 Triangle 'numero' :          141  | triVertices :          539        1303        1615
 Triangle 'numero' :          142  | triVertices :          366        1615        1303
 Triangle 'numero' :          143  | triVertices :          266        1574        1375
 Triangle 'numero' :          144  | triVertices :          690        1542        1404
 Triangle 'numero' :          145  | triVertices :          643        1357        1465
 Triangle 'numero' :          146  | triVertices :          690        1357        1542
