 !!!! -------- Info tris  -------- !!!!

 Il y a          146  triangles pour le proc           13

 Triangle 'numero' :            1  | triVertices :          335        1201         710
 Triangle 'numero' :            2  | triVertices :          335        1046        1201
 Triangle 'numero' :            3  | triVertices :           40        1144         692
 Triangle 'numero' :            4  | triVertices :          482         710        1042
 Triangle 'numero' :            5  | triVertices :         1595         890         747
 Triangle 'numero' :            6  | triVertices :          482        1078         710
 Triangle 'numero' :            7  | triVertices :          442         806         849
 Triangle 'numero' :            8  | triVertices :          495         849         806
 Triangle 'numero' :            9  | triVertices :          496         807         850
 Triangle 'numero' :           10  | triVertices :          389        1587         704
 Triangle 'numero' :           11  | triVertices :          513        1595         747
 Triangle 'numero' :           12  | triVertices :          355         736         979
 Triangle 'numero' :           13  | triVertices :          520         692        1144
 Triangle 'numero' :           14  | triVertices :         1106        1000         849
 Triangle 'numero' :           15  | triVertices :          389         766        1587
 Triangle 'numero' :           16  | triVertices :          355        1106         849
 Triangle 'numero' :           17  | triVertices :          497         737         978
 Triangle 'numero' :           18  | triVertices :          498         979         736
 Triangle 'numero' :           19  | triVertices :          389         692        1213
 Triangle 'numero' :           20  | triVertices :          520        1213         692
 Triangle 'numero' :           21  | triVertices :          384         737        1055
 Triangle 'numero' :           22  | triVertices :          191        1128         724
 Triangle 'numero' :           23  | triVertices :            7         707         961
 Triangle 'numero' :           24  | triVertices :            7         960         707
 Triangle 'numero' :           25  | triVertices :          191         724         947
 Triangle 'numero' :           26  | triVertices :          384        1158         737
 Triangle 'numero' :           27  | triVertices :          384         736        1159
 Triangle 'numero' :           28  | triVertices :          497         978         836
 Triangle 'numero' :           29  | triVertices :          498         837         979
 Triangle 'numero' :           30  | triVertices :          384        1105         736
 Triangle 'numero' :           31  | triVertices :          521         836         978
 Triangle 'numero' :           32  | triVertices :          522         979         837
 Triangle 'numero' :           33  | triVertices :          497        1055         737
 Triangle 'numero' :           34  | triVertices :          710        1525        1042
 Triangle 'numero' :           35  | triVertices :          768        1505        1275
 Triangle 'numero' :           36  | triVertices :          349         704        1164
 Triangle 'numero' :           37  | triVertices :          549         768        1275
 Triangle 'numero' :           38  | triVertices :          495         961         707
 Triangle 'numero' :           39  | triVertices :          496         707         960
 Triangle 'numero' :           40  | triVertices :            6         730        1065
 Triangle 'numero' :           41  | triVertices :            6        1066         730
 Triangle 'numero' :           42  | triVertices :          397         724        1175
 Triangle 'numero' :           43  | triVertices :          513        1175         724
 Triangle 'numero' :           44  | triVertices :          349         747         890
 Triangle 'numero' :           45  | triVertices :          335         710        1078
 Triangle 'numero' :           46  | triVertices :          498        1105         730
 Triangle 'numero' :           47  | triVertices :          397        1147         724
 Triangle 'numero' :           48  | triVertices :          442        1000         755
 Triangle 'numero' :           49  | triVertices :          195         836         946
 Triangle 'numero' :           50  | triVertices :          192         947         837
 Triangle 'numero' :           51  | triVertices :          397        1042        1525
 Triangle 'numero' :           52  | triVertices :          497         730        1055
 Triangle 'numero' :           53  | triVertices :          521         946         836
 Triangle 'numero' :           54  | triVertices :          522         837         947
 Triangle 'numero' :           55  | triVertices :          495         707        1159
 Triangle 'numero' :           56  | triVertices :          496        1158         707
 Triangle 'numero' :           57  | triVertices :          513         724        1128
 Triangle 'numero' :           58  | triVertices :          355        1550         736
 Triangle 'numero' :           59  | triVertices :          356         737        1549
 Triangle 'numero' :           60  | triVertices :          488         755        1000
 Triangle 'numero' :           61  | triVertices :          497        1065         730
 Triangle 'numero' :           62  | triVertices :          498         730        1066
 Triangle 'numero' :           63  | triVertices :          498         736        1105
 Triangle 'numero' :           64  | triVertices :          194         836         195
 Triangle 'numero' :           65  | triVertices :          192         837         193
 Triangle 'numero' :           66  | triVertices :          232         807         960
 Triangle 'numero' :           67  | triVertices :          513         747        1175
 Triangle 'numero' :           68  | triVertices :          482        1042         747
 Triangle 'numero' :           69  | triVertices :          766        1078        1587
 Triangle 'numero' :           70  | triVertices :          482        1587        1078
 Triangle 'numero' :           71  | triVertices :          495         806         961
 Triangle 'numero' :           72  | triVertices :          496         960         807
 Triangle 'numero' :           73  | triVertices :          482         747        1164
 Triangle 'numero' :           74  | triVertices :          349        1164         747
 Triangle 'numero' :           75  | triVertices :          191         947         192
 Triangle 'numero' :           76  | triVertices :          549        1453         953
 Triangle 'numero' :           77  | triVertices :          335        1275        1505
 Triangle 'numero' :           78  | triVertices :          549        1393         768
 Triangle 'numero' :           79  | triVertices :          953        1453        1213
 Triangle 'numero' :           80  | triVertices :          768        1021        1581
 Triangle 'numero' :           81  | triVertices :          389        1453         766
 Triangle 'numero' :           82  | triVertices :            6        1065         194
 Triangle 'numero' :           83  | triVertices :            6         193        1066
 Triangle 'numero' :           84  | triVertices :          488        1596         755
 Triangle 'numero' :           85  | triVertices :          497         836        1065
 Triangle 'numero' :           86  | triVertices :          498        1066         837
 Triangle 'numero' :           87  | triVertices :          355         849        1550
 Triangle 'numero' :           88  | triVertices :          356        1549         850
 Triangle 'numero' :           89  | triVertices :          442         849        1000
 Triangle 'numero' :           90  | triVertices :          520        1144         859
 Triangle 'numero' :           91  | triVertices :            7         232         960
 Triangle 'numero' :           92  | triVertices :          194        1065         836
 Triangle 'numero' :           93  | triVertices :          193         837        1066
 Triangle 'numero' :           94  | triVertices :           41         859        1144
 Triangle 'numero' :           95  | triVertices :          736        1550        1159
 Triangle 'numero' :           96  | triVertices :          737        1158        1549
 Triangle 'numero' :           97  | triVertices :          488        1201        1046
 Triangle 'numero' :           98  | triVertices :          520         859        1087
 Triangle 'numero' :           99  | triVertices :          707        1158        1159
 Triangle 'numero' :          100  | triVertices :          488        1106        1201
 Triangle 'numero' :          101  | triVertices :          384        1159        1158
 Triangle 'numero' :          102  | triVertices :          496        1549        1158
 Triangle 'numero' :          103  | triVertices :          495        1159        1550
 Triangle 'numero' :          104  | triVertices :          662        1201        1106
 Triangle 'numero' :          105  | triVertices :          747        1042        1175
 Triangle 'numero' :          106  | triVertices :          766        1275        1078
 Triangle 'numero' :          107  | triVertices :          730        1105        1055
 Triangle 'numero' :          108  | triVertices :          522         947        1147
 Triangle 'numero' :          109  | triVertices :          768        1393        1021
 Triangle 'numero' :          110  | triVertices :          724        1147         947
 Triangle 'numero' :          111  | triVertices :          355        1256        1106
 Triangle 'numero' :          112  | triVertices :          662        1106        1256
 Triangle 'numero' :          113  | triVertices :          495        1550         849
 Triangle 'numero' :          114  | triVertices :          496         850        1549
 Triangle 'numero' :          115  | triVertices :          373         953        1087
 Triangle 'numero' :          116  | triVertices :          549        1275        1453
 Triangle 'numero' :          117  | triVertices :          766        1453        1275
 Triangle 'numero' :          118  | triVertices :          520        1087         953
 Triangle 'numero' :          119  | triVertices :           40          41        1144
 Triangle 'numero' :          120  | triVertices :          397        1525        1495
 Triangle 'numero' :          121  | triVertices :          335        1078        1275
 Triangle 'numero' :          122  | triVertices :          397        1495        1147
 Triangle 'numero' :          123  | triVertices :          522        1256         979
 Triangle 'numero' :          124  | triVertices :          488        1000        1106
 Triangle 'numero' :          125  | triVertices :          384        1055        1105
 Triangle 'numero' :          126  | triVertices :          520         953        1213
 Triangle 'numero' :          127  | triVertices :          355         979        1256
 Triangle 'numero' :          128  | triVertices :          397        1175        1042
 Triangle 'numero' :          129  | triVertices :          549         953        1393
 Triangle 'numero' :          130  | triVertices :          373        1393         953
 Triangle 'numero' :          131  | triVertices :          626        1596        1046
 Triangle 'numero' :          132  | triVertices :          626        1046        1505
 Triangle 'numero' :          133  | triVertices :          335        1505        1046
 Triangle 'numero' :          134  | triVertices :          662        1525        1201
 Triangle 'numero' :          135  | triVertices :          710        1201        1525
 Triangle 'numero' :          136  | triVertices :          373        1021        1393
 Triangle 'numero' :          137  | triVertices :          482        1164        1587
 Triangle 'numero' :          138  | triVertices :          389        1213        1453
 Triangle 'numero' :          139  | triVertices :          704        1587        1164
 Triangle 'numero' :          140  | triVertices :          488        1046        1596
 Triangle 'numero' :          141  | triVertices :          662        1495        1525
 Triangle 'numero' :          142  | triVertices :          522        1495        1256
 Triangle 'numero' :          143  | triVertices :          626        1505        1581
 Triangle 'numero' :          144  | triVertices :          768        1581        1505
 Triangle 'numero' :          145  | triVertices :          522        1147        1495
 Triangle 'numero' :          146  | triVertices :          662        1256        1495
